Using pre-set license
Built from '2022.3/china_unity/release' branch; Version is '2022.3.50f1c1 (11690e56caf9) revision 1141006'; Using compiler version '192829333'; Build Type 'Release'
OS: 'Windows 11  (10.0.26100) 64bit CoreCountrySpecific' Language: 'zh' Physical Memory: 16010 MB
BatchMode: 1, IsHumanControllingUs: 0, StartBugReporterOnCrash: 0, Is64bit: 1, IsPro: 1

COMMAND LINE ARGUMENTS:
E:\Unity\Editor\2022.3.50f1c1\Editor\Unity.exe
-adb2
-batchMode
-noUpm
-name
AssetImportWorker3
-projectPath
E:/Unity/Project/JustTest
-logFile
Logs/AssetImportWorker3.log
-srvPort
51950
Successfully changed project path to: E:/Unity/Project/JustTest
E:/Unity/Project/JustTest
[UnityMemory] Configuration Parameters - Can be set up in boot.config
    "memorysetup-bucket-allocator-granularity=16"
    "memorysetup-bucket-allocator-bucket-count=8"
    "memorysetup-bucket-allocator-block-size=33554432"
    "memorysetup-bucket-allocator-block-count=8"
    "memorysetup-main-allocator-block-size=16777216"
    "memorysetup-thread-allocator-block-size=16777216"
    "memorysetup-gfx-main-allocator-block-size=16777216"
    "memorysetup-gfx-thread-allocator-block-size=16777216"
    "memorysetup-cache-allocator-block-size=4194304"
    "memorysetup-typetree-allocator-block-size=2097152"
    "memorysetup-profiler-bucket-allocator-granularity=16"
    "memorysetup-profiler-bucket-allocator-bucket-count=8"
    "memorysetup-profiler-bucket-allocator-block-size=33554432"
    "memorysetup-profiler-bucket-allocator-block-count=8"
    "memorysetup-profiler-allocator-block-size=16777216"
    "memorysetup-profiler-editor-allocator-block-size=1048576"
    "memorysetup-temp-allocator-size-main=16777216"
    "memorysetup-job-temp-allocator-block-size=2097152"
    "memorysetup-job-temp-allocator-block-size-background=1048576"
    "memorysetup-job-temp-allocator-reduction-small-platforms=262144"
    "memorysetup-allocator-temp-initial-block-size-main=262144"
    "memorysetup-allocator-temp-initial-block-size-worker=262144"
    "memorysetup-temp-allocator-size-background-worker=32768"
    "memorysetup-temp-allocator-size-job-worker=262144"
    "memorysetup-temp-allocator-size-preload-manager=33554432"
    "memorysetup-temp-allocator-size-nav-mesh-worker=65536"
    "memorysetup-temp-allocator-size-audio-worker=65536"
    "memorysetup-temp-allocator-size-cloud-worker=32768"
    "memorysetup-temp-allocator-size-gi-baking-worker=262144"
    "memorysetup-temp-allocator-size-gfx=262144"
Player connection [30728]  Target information:

Player connection [30728]  * "[IP] 26.192.160.31 [Port] 0 [Flags] 2 [Guid] 3377047326 [EditorId] 3377047326 [Version] 1048832 [Id] WindowsEditor(7,qjklw) [Debug] 1 [PackageName] WindowsEditor [ProjectName] Editor" 

Player connection [30728]  * "[IP] 192.168.6.1 [Port] 0 [Flags] 2 [Guid] 3377047326 [EditorId] 3377047326 [Version] 1048832 [Id] WindowsEditor(7,qjklw) [Debug] 1 [PackageName] WindowsEditor [ProjectName] Editor" 

Player connection [30728]  * "[IP] 192.168.246.1 [Port] 0 [Flags] 2 [Guid] 3377047326 [EditorId] 3377047326 [Version] 1048832 [Id] WindowsEditor(7,qjklw) [Debug] 1 [PackageName] WindowsEditor [ProjectName] Editor" 

Player connection [30728]  * "[IP] 192.168.1.32 [Port] 0 [Flags] 2 [Guid] 3377047326 [EditorId] 3377047326 [Version] 1048832 [Id] WindowsEditor(7,qjklw) [Debug] 1 [PackageName] WindowsEditor [ProjectName] Editor" 

Player connection [30728] Host joined multi-casting on [225.0.0.222:54997]...
Player connection [30728] Host joined alternative multi-casting on [225.0.0.222:34997]...
[PhysX] Initialized MultithreadedTaskDispatcher with 20 workers.
Refreshing native plugins compatible for Editor in 12.03 ms, found 3 plugins.
Preloading 0 native plugins for Editor in 0.00 ms.
Initialize engine version: 2022.3.50f1c1 (11690e56caf9)
[Subsystems] Discovering subsystems at path E:/Unity/Editor/2022.3.50f1c1/Editor/Data/Resources/UnitySubsystems
[Subsystems] Discovering subsystems at path E:/Unity/Project/JustTest/Assets
GfxDevice: creating device client; threaded=0; jobified=0
Direct3D:
    Version:  Direct3D 11.0 [level 11.1]
    Renderer: NVIDIA GeForce RTX 4060 Laptop GPU (ID=0x28e0)
    Vendor:   NVIDIA
    VRAM:     7957 MB
    Driver:   32.0.15.6607
Initialize mono
Mono path[0] = 'E:/Unity/Editor/2022.3.50f1c1/Editor/Data/Managed'
Mono path[1] = 'E:/Unity/Editor/2022.3.50f1c1/Editor/Data/MonoBleedingEdge/lib/mono/unityjit-win32'
Mono config path = 'E:/Unity/Editor/2022.3.50f1c1/Editor/Data/MonoBleedingEdge/etc'
Using monoOptions --debugger-agent=transport=dt_socket,embedding=1,server=y,suspend=n,address=127.0.0.1:56716
Begin MonoManager ReloadAssembly
Registering precompiled unity dll's ...
Register platform support module: E:/Unity/Editor/2022.3.50f1c1/Editor/Data/PlaybackEngines/WebGLSupport/UnityEditor.WebGL.Extensions.dll
Register platform support module: E:/Unity/Editor/2022.3.50f1c1/Editor/Data/PlaybackEngines/WindowsStandaloneSupport/UnityEditor.WindowsStandalone.Extensions.dll
Registered in 0.004922 seconds.
- Loaded All Assemblies, in  0.293 seconds
Native extension for WindowsStandalone target not found
Native extension for WebGL target not found
Mono: successfully reloaded assembly
- Finished resetting the current domain, in  0.239 seconds
Domain Reload Profiling: 530ms
	BeginReloadAssembly (78ms)
		ExecutionOrderSort (0ms)
		DisableScriptedObjects (0ms)
		BackupInstance (0ms)
		ReleaseScriptingObjects (0ms)
		CreateAndSetChildDomain (0ms)
	RebuildCommonClasses (30ms)
	RebuildNativeTypeToScriptingClass (6ms)
	initialDomainReloadingComplete (45ms)
	LoadAllAssembliesAndSetupDomain (132ms)
		LoadAssemblies (76ms)
		RebuildTransferFunctionScriptingTraits (0ms)
		AnalyzeDomain (130ms)
			TypeCache.Refresh (129ms)
				TypeCache.ScanAssembly (119ms)
			ScanForSourceGeneratedMonoScriptInfo (0ms)
			ResolveRequiredComponents (0ms)
	FinalizeReload (239ms)
		ReleaseScriptCaches (0ms)
		RebuildScriptCaches (0ms)
		SetupLoadedEditorAssemblies (198ms)
			LogAssemblyErrors (0ms)
			InitializePlatformSupportModulesInManaged (8ms)
			SetLoadedEditorAssemblies (5ms)
			RefreshPlugins (0ms)
			BeforeProcessingInitializeOnLoad (2ms)
			ProcessInitializeOnLoadAttributes (137ms)
			ProcessInitializeOnLoadMethodAttributes (46ms)
			AfterProcessingInitializeOnLoad (0ms)
			EditorAssembliesLoaded (0ms)
		ExecutionOrderSort2 (0ms)
		AwakeInstancesAfterBackupRestoration (0ms)
========================================================================
Worker process is ready to serve import requests
Caller must complete domain reload
Begin MonoManager ReloadAssembly
- Loaded All Assemblies, in  0.684 seconds
Native extension for WindowsStandalone target not found
Native extension for WebGL target not found
Mono: successfully reloaded assembly
- Finished resetting the current domain, in  1.029 seconds
Domain Reload Profiling: 1713ms
	BeginReloadAssembly (110ms)
		ExecutionOrderSort (0ms)
		DisableScriptedObjects (5ms)
		BackupInstance (0ms)
		ReleaseScriptingObjects (0ms)
		CreateAndSetChildDomain (16ms)
	RebuildCommonClasses (22ms)
	RebuildNativeTypeToScriptingClass (6ms)
	initialDomainReloadingComplete (30ms)
	LoadAllAssembliesAndSetupDomain (516ms)
		LoadAssemblies (416ms)
		RebuildTransferFunctionScriptingTraits (0ms)
		AnalyzeDomain (159ms)
			TypeCache.Refresh (131ms)
				TypeCache.ScanAssembly (114ms)
			ScanForSourceGeneratedMonoScriptInfo (20ms)
			ResolveRequiredComponents (7ms)
	FinalizeReload (1030ms)
		ReleaseScriptCaches (0ms)
		RebuildScriptCaches (0ms)
		SetupLoadedEditorAssemblies (919ms)
			LogAssemblyErrors (0ms)
			InitializePlatformSupportModulesInManaged (4ms)
			SetLoadedEditorAssemblies (4ms)
			RefreshPlugins (0ms)
			BeforeProcessingInitializeOnLoad (99ms)
			ProcessInitializeOnLoadAttributes (708ms)
			ProcessInitializeOnLoadMethodAttributes (98ms)
			AfterProcessingInitializeOnLoad (4ms)
			EditorAssembliesLoaded (1ms)
		ExecutionOrderSort2 (0ms)
		AwakeInstancesAfterBackupRestoration (5ms)
Launched and connected shader compiler UnityShaderCompiler.exe after 0.04 seconds
Refreshing native plugins compatible for Editor in 7.00 ms, found 3 plugins.
Preloading 0 native plugins for Editor in 0.00 ms.
Unloading 6365 Unused Serialized files (Serialized files now loaded: 0)
Unloading 46 unused Assets / (461.2 KB). Loaded Objects now: 6827.
Memory consumption went from 286.1 MB to 285.6 MB.
Total: 4.769100 ms (FindLiveObjects: 0.493000 ms CreateObjectMapping: 0.110600 ms MarkObjects: 3.895900 ms  DeleteObjects: 0.268400 ms)

AssetImportParameters requested are different than current active one (requested -> active):
  custom:container-demuxer-ogg: 62fdf1f143b41e24485cea50d1cbac27 -> 
  custom:framework-win-MediaFoundation: 216162199b28c13a410421893ffa2e32 -> 
  custom:scripting/monoscript/fileName/BehaviourTreeEx.cs: 59b32cb9024f1d889c46d6d7ff976da4 -> 85986cba6d7ee9b8306dead9773f1b67
  custom:container-muxer-webm: aa71ff27fc2769a1b78a27578f13a17b -> 
  custom:video-decoder-webm-vp8: 9c59270c3fd7afecdb556c50c9e8de78 -> 
  custom:SearchIndexIgnoredProperties: e643bd26f0fe6173181afceb89e7c659 -> 
  custom:AudioImporter_EditorPlatform: d09bf68614088b80899f8185d706f6e7 -> 
  custom:audio-decoder-ogg-vorbis: bf7c407c2cedff20999df2af8eb42d56 -> 
  custom:audio-encoder-webm-vorbis: bf7c407c2cedff20999df2af8eb42d56 -> 
  custom:video-codec-MediaFoundation-h265: 746d11721c4dcdbdad8f713fa42b33f4 -> 
  custom:video-decoder-ogg-theora: a1e56fd34408186e4bbccfd4996cb3dc -> 
  custom:CustomObjectIndexerAttribute: 72b91833f83ae208fae7752999fa3104 -> 
  custom:container-demuxer-webm: 4f35f7cbe854078d1ac9338744f61a02 -> 
  custom:video-encoder-webm-vp8: eb34c28f22e8b96e1ab97ce403110664 -> 
========================================================================
Received Import Request.
  Time since last request: 48444.444517 seconds.
  path: Assets/MagicaCloth2/Example (Can be deleted)/Common/Prefabs/Plane.prefab
  artifactKey: Guid(f6e49ec628143df48a1d0a213fc770af) Importer(815301076,1909f56bfc062723c751e8b465ee728b)
Start importing Assets/MagicaCloth2/Example (Can be deleted)/Common/Prefabs/Plane.prefab using Guid(f6e49ec628143df48a1d0a213fc770af) Importer(815301076,1909f56bfc062723c751e8b465ee728b) [PhysX] Initialized MultithreadedTaskDispatcher with 20 workers.
[PhysX] Initialized MultithreadedTaskDispatcher with 20 workers.
 -> (artifact id: '92063c057510e85f23a668a3c00844bb') in 1.014439 seconds
Number of updated asset objects reloaded before import = 0
Number of asset objects unloaded after import = 28
========================================================================
Received Import Request.
  Time since last request: 1.682910 seconds.
  path: Assets/Third Parts/CLazyRunnerActionAnimPack/Animations/P4_CLazyAttack/Attack_Wp_Jump_Air/CLazy@WpJAttack_AirDrop_End.FBX
  artifactKey: Guid(61d9a0aa4d8fc5643822a1b61758fc09) Importer(815301076,1909f56bfc062723c751e8b465ee728b)
Start importing Assets/Third Parts/CLazyRunnerActionAnimPack/Animations/P4_CLazyAttack/Attack_Wp_Jump_Air/CLazy@WpJAttack_AirDrop_End.FBX using Guid(61d9a0aa4d8fc5643822a1b61758fc09) Importer(815301076,1909f56bfc062723c751e8b465ee728b) [PhysX] Initialized MultithreadedTaskDispatcher with 20 workers.
[PhysX] Initialized MultithreadedTaskDispatcher with 20 workers.
[PhysX] Initialized MultithreadedTaskDispatcher with 20 workers.
[PhysX] Initialized MultithreadedTaskDispatcher with 20 workers.
 -> (artifact id: '00ac44c49eafec1ef19e294a0c498665') in 0.054753 seconds
Number of updated asset objects reloaded before import = 0
Number of asset objects unloaded after import = 148
========================================================================
Received Import Request.
  Time since last request: 0.000028 seconds.
  path: Assets/Third Parts/CLazyRunnerActionAnimPack/Animations/P4_CLazyAttack/Attack_Wp_Jump_Air/CLazy@WpJAttack_AirSwing_All_Root.FBX
  artifactKey: Guid(b4b34c8177551b546abb54fa9a99fe50) Importer(815301076,1909f56bfc062723c751e8b465ee728b)
Start importing Assets/Third Parts/CLazyRunnerActionAnimPack/Animations/P4_CLazyAttack/Attack_Wp_Jump_Air/CLazy@WpJAttack_AirSwing_All_Root.FBX using Guid(b4b34c8177551b546abb54fa9a99fe50) Importer(815301076,1909f56bfc062723c751e8b465ee728b) [PhysX] Initialized MultithreadedTaskDispatcher with 20 workers.
[PhysX] Initialized MultithreadedTaskDispatcher with 20 workers.
[PhysX] Initialized MultithreadedTaskDispatcher with 20 workers.
[PhysX] Initialized MultithreadedTaskDispatcher with 20 workers.
 -> (artifact id: '14b7775e245981dcd74d68fcfe365f8d') in 0.027780 seconds
Number of updated asset objects reloaded before import = 0
Number of asset objects unloaded after import = 148
========================================================================
Received Import Request.
  Time since last request: 0.000023 seconds.
  path: Assets/Third Parts/CLazyRunnerActionAnimPack/Animations/P4_CLazyAttack/Attack_Wp_Jump_Air/CLazy@WpJAttack_AirDrop_Keep.FBX
  artifactKey: Guid(6514186e1113e874893be04dc968f282) Importer(815301076,1909f56bfc062723c751e8b465ee728b)
Start importing Assets/Third Parts/CLazyRunnerActionAnimPack/Animations/P4_CLazyAttack/Attack_Wp_Jump_Air/CLazy@WpJAttack_AirDrop_Keep.FBX using Guid(6514186e1113e874893be04dc968f282) Importer(815301076,1909f56bfc062723c751e8b465ee728b) [PhysX] Initialized MultithreadedTaskDispatcher with 20 workers.
[PhysX] Initialized MultithreadedTaskDispatcher with 20 workers.
[PhysX] Initialized MultithreadedTaskDispatcher with 20 workers.
[PhysX] Initialized MultithreadedTaskDispatcher with 20 workers.
 -> (artifact id: '80e97a587602b640eea326fbfb215ef4') in 0.028209 seconds
Number of updated asset objects reloaded before import = 0
Number of asset objects unloaded after import = 148
========================================================================
Received Import Request.
  Time since last request: 0.000026 seconds.
  path: Assets/Third Parts/Lucy/Animation/Battle/Inplace/Lucy_Air_Attack_01_Inplace.FBX
  artifactKey: Guid(68ead06563110f345a168a785c2df674) Importer(815301076,1909f56bfc062723c751e8b465ee728b)
Start importing Assets/Third Parts/Lucy/Animation/Battle/Inplace/Lucy_Air_Attack_01_Inplace.FBX using Guid(68ead06563110f345a168a785c2df674) Importer(815301076,1909f56bfc062723c751e8b465ee728b) [PhysX] Initialized MultithreadedTaskDispatcher with 20 workers.
 -> (artifact id: 'f594f061532271d2b09e37c531449420') in 0.014073 seconds
Number of updated asset objects reloaded before import = 0
Number of asset objects unloaded after import = 251
========================================================================
Received Import Request.
  Time since last request: 0.000031 seconds.
  path: Assets/Third Parts/CLazyRunnerActionAnimPack/Animations/P4_CLazyAttack/Attack_Wp_Jump_Air/CLazy@WpJAttack_AirSwing_End.FBX
  artifactKey: Guid(95a3de4be921e854a8d93709eabe7371) Importer(815301076,1909f56bfc062723c751e8b465ee728b)
Start importing Assets/Third Parts/CLazyRunnerActionAnimPack/Animations/P4_CLazyAttack/Attack_Wp_Jump_Air/CLazy@WpJAttack_AirSwing_End.FBX using Guid(95a3de4be921e854a8d93709eabe7371) Importer(815301076,1909f56bfc062723c751e8b465ee728b) [PhysX] Initialized MultithreadedTaskDispatcher with 20 workers.
[PhysX] Initialized MultithreadedTaskDispatcher with 20 workers.
[PhysX] Initialized MultithreadedTaskDispatcher with 20 workers.
[PhysX] Initialized MultithreadedTaskDispatcher with 20 workers.
 -> (artifact id: '7f6bbe21501913b0715b0b8ae1ca35d1') in 0.030414 seconds
Number of updated asset objects reloaded before import = 0
Number of asset objects unloaded after import = 148
========================================================================
Received Import Request.
  Time since last request: 0.000033 seconds.
  path: Assets/Third Parts/Lucy/Animation/Battle/Inplace/Lucy_Air_Attack_05_Inplace.FBX
  artifactKey: Guid(0cc7a6fb7828a9d43a8145226b9cc80b) Importer(815301076,1909f56bfc062723c751e8b465ee728b)
Start importing Assets/Third Parts/Lucy/Animation/Battle/Inplace/Lucy_Air_Attack_05_Inplace.FBX using Guid(0cc7a6fb7828a9d43a8145226b9cc80b) Importer(815301076,1909f56bfc062723c751e8b465ee728b) [PhysX] Initialized MultithreadedTaskDispatcher with 20 workers.
 -> (artifact id: 'b656c0124bb093d7b870b88cb821e5c0') in 0.011909 seconds
Number of updated asset objects reloaded before import = 0
Number of asset objects unloaded after import = 251
========================================================================
Received Import Request.
  Time since last request: 2.784852 seconds.
  path: Assets/Animation/AnimationClip/Lucy/Animation/Execution/Inplace/Lucy_Execution11_Inplace.FBX
  artifactKey: Guid(b97034f8782dcf749850e9020132257b) Importer(815301076,1909f56bfc062723c751e8b465ee728b)
Start importing Assets/Animation/AnimationClip/Lucy/Animation/Execution/Inplace/Lucy_Execution11_Inplace.FBX using Guid(b97034f8782dcf749850e9020132257b) Importer(815301076,1909f56bfc062723c751e8b465ee728b) [PhysX] Initialized MultithreadedTaskDispatcher with 20 workers.
 -> (artifact id: 'd600f5572874bad8c5cba139235b0ebc') in 0.016589 seconds
Number of updated asset objects reloaded before import = 0
Number of asset objects unloaded after import = 251
========================================================================
Received Import Request.
  Time since last request: 0.002560 seconds.
  path: Assets/Third Parts/Lucy/Animation/Execution/Inplace/Lucy_Execution12_Inplace.FBX
  artifactKey: Guid(9effb30baca584942b175125286f33fa) Importer(815301076,1909f56bfc062723c751e8b465ee728b)
Start importing Assets/Third Parts/Lucy/Animation/Execution/Inplace/Lucy_Execution12_Inplace.FBX using Guid(9effb30baca584942b175125286f33fa) Importer(815301076,1909f56bfc062723c751e8b465ee728b) [PhysX] Initialized MultithreadedTaskDispatcher with 20 workers.
 -> (artifact id: '025eec76a5c4c49fff50dcde4f60574d') in 0.013549 seconds
Number of updated asset objects reloaded before import = 0
Number of asset objects unloaded after import = 251
========================================================================
Received Import Request.
  Time since last request: 0.010887 seconds.
  path: Assets/Animation/AnimationClip/Lucy/Animation/Execution/Inplace/Lucy_Execution13_Inplace.FBX
  artifactKey: Guid(4db96290130d6f744a73636dc60c79b6) Importer(815301076,1909f56bfc062723c751e8b465ee728b)
Start importing Assets/Animation/AnimationClip/Lucy/Animation/Execution/Inplace/Lucy_Execution13_Inplace.FBX using Guid(4db96290130d6f744a73636dc60c79b6) Importer(815301076,1909f56bfc062723c751e8b465ee728b) [PhysX] Initialized MultithreadedTaskDispatcher with 20 workers.
 -> (artifact id: 'cc3fac39016709272da06016b516a468') in 0.021019 seconds
Number of updated asset objects reloaded before import = 0
Number of asset objects unloaded after import = 251
========================================================================
Received Import Request.
  Time since last request: 66.039878 seconds.
  path: Assets/MagicaCloth2/Example (Can be deleted)/Common/Prefabs/RuntimeBuildDemo.prefab
  artifactKey: Guid(57eb8094dff10c34f8fae441c280e0f8) Importer(815301076,1909f56bfc062723c751e8b465ee728b)
Start importing Assets/MagicaCloth2/Example (Can be deleted)/Common/Prefabs/RuntimeBuildDemo.prefab using Guid(57eb8094dff10c34f8fae441c280e0f8) Importer(815301076,1909f56bfc062723c751e8b465ee728b) [PhysX] Initialized MultithreadedTaskDispatcher with 20 workers.
 -> (artifact id: '922f3360bf1656e8564214bb3bbfa7c1') in 0.033901 seconds
Number of updated asset objects reloaded before import = 0
Number of asset objects unloaded after import = 273
========================================================================
Received Import Request.
  Time since last request: 0.000017 seconds.
  path: Assets/MagicaCloth2/Example (Can be deleted)/Common/Prefabs/UI_Wind.prefab
  artifactKey: Guid(b10f69e1744a07942843e8c00f85501e) Importer(815301076,1909f56bfc062723c751e8b465ee728b)
Start importing Assets/MagicaCloth2/Example (Can be deleted)/Common/Prefabs/UI_Wind.prefab using Guid(b10f69e1744a07942843e8c00f85501e) Importer(815301076,1909f56bfc062723c751e8b465ee728b) [PhysX] Initialized MultithreadedTaskDispatcher with 20 workers.
 -> (artifact id: '367f1dd856b6a87afdd158251945076c') in 0.009504 seconds
Number of updated asset objects reloaded before import = 0
Number of asset objects unloaded after import = 113
========================================================================
Received Import Request.
  Time since last request: 5.616520 seconds.
  path: Assets/Third Parts/Lucy/Animation/Dodge/Root/Lucy_Dodge_F_Root.FBX
  artifactKey: Guid(207c5743645cebf44beafe700f694316) Importer(815301076,1909f56bfc062723c751e8b465ee728b)
Start importing Assets/Third Parts/Lucy/Animation/Dodge/Root/Lucy_Dodge_F_Root.FBX using Guid(207c5743645cebf44beafe700f694316) Importer(815301076,1909f56bfc062723c751e8b465ee728b) [PhysX] Initialized MultithreadedTaskDispatcher with 20 workers.
 -> (artifact id: 'd43898f98965666251bad48fa8829569') in 0.008617 seconds
Number of updated asset objects reloaded before import = 0
Number of asset objects unloaded after import = 251
========================================================================
Received Import Request.
  Time since last request: 0.386009 seconds.
  path: Assets/Third Parts/Lucy/Animation/Execution/Inplace/Lucy_Executed12_Inplace.FBX
  artifactKey: Guid(c611d7accae010146ad95074a4d1a220) Importer(815301076,1909f56bfc062723c751e8b465ee728b)
Start importing Assets/Third Parts/Lucy/Animation/Execution/Inplace/Lucy_Executed12_Inplace.FBX using Guid(c611d7accae010146ad95074a4d1a220) Importer(815301076,1909f56bfc062723c751e8b465ee728b) [PhysX] Initialized MultithreadedTaskDispatcher with 20 workers.
 -> (artifact id: '69873cf461fd9289ccaf9d82530b6429') in 0.011040 seconds
Number of updated asset objects reloaded before import = 0
Number of asset objects unloaded after import = 251
========================================================================
Received Import Request.
  Time since last request: 0.001404 seconds.
  path: Assets/Third Parts/Lucy/Animation/Execution/Inplace/Lucy_Executed13_Inplace.FBX
  artifactKey: Guid(cca95e4ace3a0744bbf99a8cca7e2e43) Importer(815301076,1909f56bfc062723c751e8b465ee728b)
Start importing Assets/Third Parts/Lucy/Animation/Execution/Inplace/Lucy_Executed13_Inplace.FBX using Guid(cca95e4ace3a0744bbf99a8cca7e2e43) Importer(815301076,1909f56bfc062723c751e8b465ee728b) [PhysX] Initialized MultithreadedTaskDispatcher with 20 workers.
 -> (artifact id: 'f6f32b7ac2adb315eb3af3402295cacc') in 0.011639 seconds
Number of updated asset objects reloaded before import = 0
Number of asset objects unloaded after import = 251
========================================================================
Received Import Request.
  Time since last request: 56.768228 seconds.
  path: Assets/Third Parts/CLazyRunnerActionAnimPack/Animations/P4_CLazyAttack/Attack_Wp_Swing_Run/CLazy@WpAttack_Hand_PwR.FBX
  artifactKey: Guid(993485b1179621a46b6e2976df72c034) Importer(815301076,1909f56bfc062723c751e8b465ee728b)
Start importing Assets/Third Parts/CLazyRunnerActionAnimPack/Animations/P4_CLazyAttack/Attack_Wp_Swing_Run/CLazy@WpAttack_Hand_PwR.FBX using Guid(993485b1179621a46b6e2976df72c034) Importer(815301076,1909f56bfc062723c751e8b465ee728b) [PhysX] Initialized MultithreadedTaskDispatcher with 20 workers.
[PhysX] Initialized MultithreadedTaskDispatcher with 20 workers.
[PhysX] Initialized MultithreadedTaskDispatcher with 20 workers.
[PhysX] Initialized MultithreadedTaskDispatcher with 20 workers.
 -> (artifact id: '199471a4a01659a243d1083f451d7b12') in 0.029602 seconds
Number of updated asset objects reloaded before import = 0
Number of asset objects unloaded after import = 148
========================================================================
Received Import Request.
  Time since last request: 0.000021 seconds.
  path: Assets/Third Parts/CLazyRunnerActionAnimPack/Animations/P4_CLazyAttack/Attack_Wp_Swing_Run/CLazy@WpAttack_Rolling_All.FBX
  artifactKey: Guid(6ca895bafd199554f8508e62d7b7286f) Importer(815301076,1909f56bfc062723c751e8b465ee728b)
Start importing Assets/Third Parts/CLazyRunnerActionAnimPack/Animations/P4_CLazyAttack/Attack_Wp_Swing_Run/CLazy@WpAttack_Rolling_All.FBX using Guid(6ca895bafd199554f8508e62d7b7286f) Importer(815301076,1909f56bfc062723c751e8b465ee728b) [PhysX] Initialized MultithreadedTaskDispatcher with 20 workers.
[PhysX] Initialized MultithreadedTaskDispatcher with 20 workers.
[PhysX] Initialized MultithreadedTaskDispatcher with 20 workers.
[PhysX] Initialized MultithreadedTaskDispatcher with 20 workers.
 -> (artifact id: 'd5417b8ce5b9235d7b6f8a008af82394') in 0.040557 seconds
Number of updated asset objects reloaded before import = 0
Number of asset objects unloaded after import = 148
========================================================================
Received Import Request.
  Time since last request: 0.003135 seconds.
  path: Assets/Third Parts/CLazyRunnerActionAnimPack/Animations/P6_CLazyWallRun/WallRun_Vertical/CLazy@Wall_Vertical_Exit_Root.FBX
  artifactKey: Guid(348f6458d97c7364d9322eb9ca45ee68) Importer(815301076,1909f56bfc062723c751e8b465ee728b)
Start importing Assets/Third Parts/CLazyRunnerActionAnimPack/Animations/P6_CLazyWallRun/WallRun_Vertical/CLazy@Wall_Vertical_Exit_Root.FBX using Guid(348f6458d97c7364d9322eb9ca45ee68) Importer(815301076,1909f56bfc062723c751e8b465ee728b) [PhysX] Initialized MultithreadedTaskDispatcher with 20 workers.
[PhysX] Initialized MultithreadedTaskDispatcher with 20 workers.
[PhysX] Initialized MultithreadedTaskDispatcher with 20 workers.
[PhysX] Initialized MultithreadedTaskDispatcher with 20 workers.
 -> (artifact id: 'c0d95938378a378adffc874a8cf9be56') in 0.030933 seconds
Number of updated asset objects reloaded before import = 0
Number of asset objects unloaded after import = 148
========================================================================
Received Import Request.
  Time since last request: 0.000022 seconds.
  path: Assets/Third Parts/CLazyRunnerActionAnimPack/Animations/P6_CLazyWallRun/WallRun_Vertical/CLazy@Wall_Vertical_Exit_Stop_Root.FBX
  artifactKey: Guid(e05cd2f1dc18e794f8d1776beeedb28c) Importer(815301076,1909f56bfc062723c751e8b465ee728b)
Start importing Assets/Third Parts/CLazyRunnerActionAnimPack/Animations/P6_CLazyWallRun/WallRun_Vertical/CLazy@Wall_Vertical_Exit_Stop_Root.FBX using Guid(e05cd2f1dc18e794f8d1776beeedb28c) Importer(815301076,1909f56bfc062723c751e8b465ee728b) [PhysX] Initialized MultithreadedTaskDispatcher with 20 workers.
[PhysX] Initialized MultithreadedTaskDispatcher with 20 workers.
[PhysX] Initialized MultithreadedTaskDispatcher with 20 workers.
[PhysX] Initialized MultithreadedTaskDispatcher with 20 workers.
 -> (artifact id: '65413bd4127bcb44ab24504cc90d199c') in 0.035569 seconds
Number of updated asset objects reloaded before import = 0
Number of asset objects unloaded after import = 148
========================================================================
Received Import Request.
  Time since last request: 0.095798 seconds.
  path: Assets/Third Parts/CLazyRunnerActionAnimPack/Animations/P6_CLazyWallRun/WallRun_Vertical/CLazy@Wall_Vertical_Dash.FBX
  artifactKey: Guid(a71a6302473ccc142ad4f589e78f7453) Importer(815301076,1909f56bfc062723c751e8b465ee728b)
Start importing Assets/Third Parts/CLazyRunnerActionAnimPack/Animations/P6_CLazyWallRun/WallRun_Vertical/CLazy@Wall_Vertical_Dash.FBX using Guid(a71a6302473ccc142ad4f589e78f7453) Importer(815301076,1909f56bfc062723c751e8b465ee728b) [PhysX] Initialized MultithreadedTaskDispatcher with 20 workers.
[PhysX] Initialized MultithreadedTaskDispatcher with 20 workers.
[PhysX] Initialized MultithreadedTaskDispatcher with 20 workers.
[PhysX] Initialized MultithreadedTaskDispatcher with 20 workers.
 -> (artifact id: '4fa615225ed4b5fdd172a1fe97bab92f') in 0.028806 seconds
Number of updated asset objects reloaded before import = 0
Number of asset objects unloaded after import = 148
========================================================================
Received Import Request.
  Time since last request: 0.000025 seconds.
  path: Assets/Third Parts/CLazyRunnerActionAnimPack/Animations/P6_CLazyWallRun/WallRun_Vertical/CLazy@Wall_Vertical_Enter_Root.FBX
  artifactKey: Guid(62fd2e6cd7921f647bb3081ef100762f) Importer(815301076,1909f56bfc062723c751e8b465ee728b)
Start importing Assets/Third Parts/CLazyRunnerActionAnimPack/Animations/P6_CLazyWallRun/WallRun_Vertical/CLazy@Wall_Vertical_Enter_Root.FBX using Guid(62fd2e6cd7921f647bb3081ef100762f) Importer(815301076,1909f56bfc062723c751e8b465ee728b) [PhysX] Initialized MultithreadedTaskDispatcher with 20 workers.
[PhysX] Initialized MultithreadedTaskDispatcher with 20 workers.
[PhysX] Initialized MultithreadedTaskDispatcher with 20 workers.
[PhysX] Initialized MultithreadedTaskDispatcher with 20 workers.
 -> (artifact id: 'f9e502039f462933355afce7e7907c1c') in 0.028178 seconds
Number of updated asset objects reloaded before import = 0
Number of asset objects unloaded after import = 148
========================================================================
Received Import Request.
  Time since last request: 0.010445 seconds.
  path: Assets/Third Parts/CLazyRunnerActionAnimPack/Animations/P6_CLazyWallRun/WallRun_Low_Dash/CLazy@Wall_LJump_Start.FBX
  artifactKey: Guid(5a93710fc7b7f2a4aae1636bd12d917b) Importer(815301076,1909f56bfc062723c751e8b465ee728b)
Start importing Assets/Third Parts/CLazyRunnerActionAnimPack/Animations/P6_CLazyWallRun/WallRun_Low_Dash/CLazy@Wall_LJump_Start.FBX using Guid(5a93710fc7b7f2a4aae1636bd12d917b) Importer(815301076,1909f56bfc062723c751e8b465ee728b) [PhysX] Initialized MultithreadedTaskDispatcher with 20 workers.
[PhysX] Initialized MultithreadedTaskDispatcher with 20 workers.
[PhysX] Initialized MultithreadedTaskDispatcher with 20 workers.
[PhysX] Initialized MultithreadedTaskDispatcher with 20 workers.
 -> (artifact id: 'e4a9c9d597bf58bef3cf79d27c3615f7') in 0.026499 seconds
Number of updated asset objects reloaded before import = 0
Number of asset objects unloaded after import = 148
========================================================================
Received Import Request.
  Time since last request: 0.000022 seconds.
  path: Assets/Third Parts/CLazyRunnerActionAnimPack/Animations/P6_CLazyWallRun/WallRun_Hold/CLazy@Wall_RFall_Root.FBX
  artifactKey: Guid(150f13ce4ef86754d956745b00bcb79d) Importer(815301076,1909f56bfc062723c751e8b465ee728b)
Start importing Assets/Third Parts/CLazyRunnerActionAnimPack/Animations/P6_CLazyWallRun/WallRun_Hold/CLazy@Wall_RFall_Root.FBX using Guid(150f13ce4ef86754d956745b00bcb79d) Importer(815301076,1909f56bfc062723c751e8b465ee728b) [PhysX] Initialized MultithreadedTaskDispatcher with 20 workers.
[PhysX] Initialized MultithreadedTaskDispatcher with 20 workers.
[PhysX] Initialized MultithreadedTaskDispatcher with 20 workers.
[PhysX] Initialized MultithreadedTaskDispatcher with 20 workers.
 -> (artifact id: '1d4d7ab3ba249da21698e04139745f1b') in 0.029532 seconds
Number of updated asset objects reloaded before import = 0
Number of asset objects unloaded after import = 148
========================================================================
Received Import Request.
  Time since last request: 0.000031 seconds.
  path: Assets/Third Parts/CLazyRunnerActionAnimPack/Animations/P6_CLazyWallRun/WallRun_Hold/CLazy@Wall_RHold_Start_Root.FBX
  artifactKey: Guid(9164b0ad3e97f924fb96c22da4c405e7) Importer(815301076,1909f56bfc062723c751e8b465ee728b)
Start importing Assets/Third Parts/CLazyRunnerActionAnimPack/Animations/P6_CLazyWallRun/WallRun_Hold/CLazy@Wall_RHold_Start_Root.FBX using Guid(9164b0ad3e97f924fb96c22da4c405e7) Importer(815301076,1909f56bfc062723c751e8b465ee728b) [PhysX] Initialized MultithreadedTaskDispatcher with 20 workers.
[PhysX] Initialized MultithreadedTaskDispatcher with 20 workers.
[PhysX] Initialized MultithreadedTaskDispatcher with 20 workers.
[PhysX] Initialized MultithreadedTaskDispatcher with 20 workers.
 -> (artifact id: '01e3261404c7e59df30de591fa0b9878') in 0.025432 seconds
Number of updated asset objects reloaded before import = 0
Number of asset objects unloaded after import = 148
========================================================================
Received Import Request.
  Time since last request: 0.000049 seconds.
  path: Assets/Third Parts/CLazyRunnerActionAnimPack/Animations/P6_CLazyWallRun/WallRun_Vertical/CLazy@Wall_Vertical_Boost_Loop.FBX
  artifactKey: Guid(34c442cf0c1912944871031e65690a70) Importer(815301076,1909f56bfc062723c751e8b465ee728b)
Start importing Assets/Third Parts/CLazyRunnerActionAnimPack/Animations/P6_CLazyWallRun/WallRun_Vertical/CLazy@Wall_Vertical_Boost_Loop.FBX using Guid(34c442cf0c1912944871031e65690a70) Importer(815301076,1909f56bfc062723c751e8b465ee728b) [PhysX] Initialized MultithreadedTaskDispatcher with 20 workers.
[PhysX] Initialized MultithreadedTaskDispatcher with 20 workers.
[PhysX] Initialized MultithreadedTaskDispatcher with 20 workers.
[PhysX] Initialized MultithreadedTaskDispatcher with 20 workers.
 -> (artifact id: 'f4f62ccb6b7ab778b4df401e16ec467b') in 0.029456 seconds
Number of updated asset objects reloaded before import = 0
Number of asset objects unloaded after import = 148
========================================================================
Received Import Request.
  Time since last request: 0.073194 seconds.
  path: Assets/Third Parts/CLazyRunnerActionAnimPack/Animations/P6_CLazyWallRun/WallJump_Cross/CLazy@Wall_Jump_Turn_All_R_Down_Root.FBX
  artifactKey: Guid(d624fcabe855132498d074cfb55543ce) Importer(815301076,1909f56bfc062723c751e8b465ee728b)
Start importing Assets/Third Parts/CLazyRunnerActionAnimPack/Animations/P6_CLazyWallRun/WallJump_Cross/CLazy@Wall_Jump_Turn_All_R_Down_Root.FBX using Guid(d624fcabe855132498d074cfb55543ce) Importer(815301076,1909f56bfc062723c751e8b465ee728b) [PhysX] Initialized MultithreadedTaskDispatcher with 20 workers.
[PhysX] Initialized MultithreadedTaskDispatcher with 20 workers.
[PhysX] Initialized MultithreadedTaskDispatcher with 20 workers.
[PhysX] Initialized MultithreadedTaskDispatcher with 20 workers.
 -> (artifact id: 'c0a0b9349bba642129a393ea9266e4c0') in 0.027505 seconds
Number of updated asset objects reloaded before import = 0
Number of asset objects unloaded after import = 148
========================================================================
Received Import Request.
  Time since last request: 0.000021 seconds.
  path: Assets/Third Parts/CLazyRunnerActionAnimPack/Animations/P6_CLazyWallRun/WallJump_Cross/CLazy@Wall_Jump_Turn_End_R.FBX
  artifactKey: Guid(5e15ec675dec95941a32555da084d926) Importer(815301076,1909f56bfc062723c751e8b465ee728b)
Start importing Assets/Third Parts/CLazyRunnerActionAnimPack/Animations/P6_CLazyWallRun/WallJump_Cross/CLazy@Wall_Jump_Turn_End_R.FBX using Guid(5e15ec675dec95941a32555da084d926) Importer(815301076,1909f56bfc062723c751e8b465ee728b) [PhysX] Initialized MultithreadedTaskDispatcher with 20 workers.
[PhysX] Initialized MultithreadedTaskDispatcher with 20 workers.
[PhysX] Initialized MultithreadedTaskDispatcher with 20 workers.
[PhysX] Initialized MultithreadedTaskDispatcher with 20 workers.
 -> (artifact id: '86de25210b57f230b5c87968a9c7777b') in 0.028058 seconds
Number of updated asset objects reloaded before import = 0
Number of asset objects unloaded after import = 148
========================================================================
Received Import Request.
  Time since last request: 0.000027 seconds.
  path: Assets/Third Parts/CLazyRunnerActionAnimPack/Animations/P6_CLazyWallRun/WallJump_Cross/CLazy@Wall_Jump_Turn_Start_L.FBX
  artifactKey: Guid(f93d93a06f057cb46bc3398c9c656f25) Importer(815301076,1909f56bfc062723c751e8b465ee728b)
Start importing Assets/Third Parts/CLazyRunnerActionAnimPack/Animations/P6_CLazyWallRun/WallJump_Cross/CLazy@Wall_Jump_Turn_Start_L.FBX using Guid(f93d93a06f057cb46bc3398c9c656f25) Importer(815301076,1909f56bfc062723c751e8b465ee728b) [PhysX] Initialized MultithreadedTaskDispatcher with 20 workers.
[PhysX] Initialized MultithreadedTaskDispatcher with 20 workers.
[PhysX] Initialized MultithreadedTaskDispatcher with 20 workers.
[PhysX] Initialized MultithreadedTaskDispatcher with 20 workers.
 -> (artifact id: 'cd5f088ada1df748f171d9387fd99cbf') in 0.024938 seconds
Number of updated asset objects reloaded before import = 0
Number of asset objects unloaded after import = 148
========================================================================
Received Import Request.
  Time since last request: 0.000042 seconds.
  path: Assets/Third Parts/CLazyRunnerActionAnimPack/Animations/P6_CLazyWallRun/WallRun_Hold/CLazy@Wall_LHold_Start_Root.FBX
  artifactKey: Guid(2afa05f9158868a4d8d8735c60e16f25) Importer(815301076,1909f56bfc062723c751e8b465ee728b)
Start importing Assets/Third Parts/CLazyRunnerActionAnimPack/Animations/P6_CLazyWallRun/WallRun_Hold/CLazy@Wall_LHold_Start_Root.FBX using Guid(2afa05f9158868a4d8d8735c60e16f25) Importer(815301076,1909f56bfc062723c751e8b465ee728b) [PhysX] Initialized MultithreadedTaskDispatcher with 20 workers.
[PhysX] Initialized MultithreadedTaskDispatcher with 20 workers.
[PhysX] Initialized MultithreadedTaskDispatcher with 20 workers.
[PhysX] Initialized MultithreadedTaskDispatcher with 20 workers.
 -> (artifact id: '1b40a2a0d000fa7db6b6b9abfc73f4d3') in 0.030237 seconds
Number of updated asset objects reloaded before import = 0
Number of asset objects unloaded after import = 148
========================================================================
Received Import Request.
  Time since last request: 0.005475 seconds.
  path: Assets/Third Parts/CLazyRunnerActionAnimPack/Animations/P6_CLazyWallRun/WallJump_Cross/CLazy@Wall_Jump_Enter_L.FBX
  artifactKey: Guid(d3191b5e66f0c104fbe3aef9a674be57) Importer(815301076,1909f56bfc062723c751e8b465ee728b)
Start importing Assets/Third Parts/CLazyRunnerActionAnimPack/Animations/P6_CLazyWallRun/WallJump_Cross/CLazy@Wall_Jump_Enter_L.FBX using Guid(d3191b5e66f0c104fbe3aef9a674be57) Importer(815301076,1909f56bfc062723c751e8b465ee728b) [PhysX] Initialized MultithreadedTaskDispatcher with 20 workers.
[PhysX] Initialized MultithreadedTaskDispatcher with 20 workers.
[PhysX] Initialized MultithreadedTaskDispatcher with 20 workers.
[PhysX] Initialized MultithreadedTaskDispatcher with 20 workers.
 -> (artifact id: '3d4c5351b8d061b4a1f959c5906c170c') in 0.025580 seconds
Number of updated asset objects reloaded before import = 0
Number of asset objects unloaded after import = 148
========================================================================
Received Import Request.
  Time since last request: 0.000020 seconds.
  path: Assets/Third Parts/CLazyRunnerActionAnimPack/Animations/P6_CLazyWallRun/WallJump_Cross/CLazy@Wall_Jump_Hold_L.FBX
  artifactKey: Guid(c47665d691ce11d4fb20bc7047e62323) Importer(815301076,1909f56bfc062723c751e8b465ee728b)
Start importing Assets/Third Parts/CLazyRunnerActionAnimPack/Animations/P6_CLazyWallRun/WallJump_Cross/CLazy@Wall_Jump_Hold_L.FBX using Guid(c47665d691ce11d4fb20bc7047e62323) Importer(815301076,1909f56bfc062723c751e8b465ee728b) [PhysX] Initialized MultithreadedTaskDispatcher with 20 workers.
[PhysX] Initialized MultithreadedTaskDispatcher with 20 workers.
[PhysX] Initialized MultithreadedTaskDispatcher with 20 workers.
[PhysX] Initialized MultithreadedTaskDispatcher with 20 workers.
 -> (artifact id: 'f2b177a7e6ae9a8a245e41b48815c452') in 0.026159 seconds
Number of updated asset objects reloaded before import = 0
Number of asset objects unloaded after import = 148
========================================================================
Received Import Request.
  Time since last request: 0.000021 seconds.
  path: Assets/Third Parts/CLazyRunnerActionAnimPack/Animations/P6_CLazyWallRun/WallJump_Cross/CLazy@Wall_Jump_Turn_All_L_Down.FBX
  artifactKey: Guid(86f577a75fac0884bb6384fa6425f421) Importer(815301076,1909f56bfc062723c751e8b465ee728b)
Start importing Assets/Third Parts/CLazyRunnerActionAnimPack/Animations/P6_CLazyWallRun/WallJump_Cross/CLazy@Wall_Jump_Turn_All_L_Down.FBX using Guid(86f577a75fac0884bb6384fa6425f421) Importer(815301076,1909f56bfc062723c751e8b465ee728b) [PhysX] Initialized MultithreadedTaskDispatcher with 20 workers.
[PhysX] Initialized MultithreadedTaskDispatcher with 20 workers.
[PhysX] Initialized MultithreadedTaskDispatcher with 20 workers.
[PhysX] Initialized MultithreadedTaskDispatcher with 20 workers.
 -> (artifact id: '49d817628985c26b841e819bead48956') in 0.024048 seconds
Number of updated asset objects reloaded before import = 0
Number of asset objects unloaded after import = 148
========================================================================
Received Import Request.
  Time since last request: 0.000027 seconds.
  path: Assets/Third Parts/CLazyRunnerActionAnimPack/Animations/P6_CLazyWallRun/WallJump_Cross/CLazy@Wall_Jump_Turn_All_L_Up_Root.FBX
  artifactKey: Guid(3b639326de5d80041a7fea3b0804a9fd) Importer(815301076,1909f56bfc062723c751e8b465ee728b)
Start importing Assets/Third Parts/CLazyRunnerActionAnimPack/Animations/P6_CLazyWallRun/WallJump_Cross/CLazy@Wall_Jump_Turn_All_L_Up_Root.FBX using Guid(3b639326de5d80041a7fea3b0804a9fd) Importer(815301076,1909f56bfc062723c751e8b465ee728b) [PhysX] Initialized MultithreadedTaskDispatcher with 20 workers.
[PhysX] Initialized MultithreadedTaskDispatcher with 20 workers.
[PhysX] Initialized MultithreadedTaskDispatcher with 20 workers.
[PhysX] Initialized MultithreadedTaskDispatcher with 20 workers.
 -> (artifact id: '654ef202b3d7f59aa0ef837e716e3dc2') in 0.028248 seconds
Number of updated asset objects reloaded before import = 0
Number of asset objects unloaded after import = 148
========================================================================
Received Import Request.
  Time since last request: 1.600178 seconds.
  path: Assets/Third Parts/Lucy/Animation/Dodge/Inplace/Lucy_Slide_L_Inplace.FBX
  artifactKey: Guid(351d3f5587bbdf149aed1ee9d281bcbd) Importer(815301076,1909f56bfc062723c751e8b465ee728b)
Start importing Assets/Third Parts/Lucy/Animation/Dodge/Inplace/Lucy_Slide_L_Inplace.FBX using Guid(351d3f5587bbdf149aed1ee9d281bcbd) Importer(815301076,1909f56bfc062723c751e8b465ee728b) [PhysX] Initialized MultithreadedTaskDispatcher with 20 workers.
 -> (artifact id: '08bd233fab17b6ed6ad4ff972d6e9266') in 0.015448 seconds
Number of updated asset objects reloaded before import = 0
Number of asset objects unloaded after import = 251
========================================================================
Received Import Request.
  Time since last request: 0.406673 seconds.
  path: Assets/Third Parts/Grruzam Powerful Sword Animation(Great Sword, Katana)/Animation/M_Katana_Blade/4_Damages/5__KnockDown/M_katana_Blade@KnockDown_Back_FW_Rolling_StandUp.FBX
  artifactKey: Guid(17d2157fed6c7a54fa746a4e8ad0dfcf) Importer(815301076,1909f56bfc062723c751e8b465ee728b)
Start importing Assets/Third Parts/Grruzam Powerful Sword Animation(Great Sword, Katana)/Animation/M_Katana_Blade/4_Damages/5__KnockDown/M_katana_Blade@KnockDown_Back_FW_Rolling_StandUp.FBX using Guid(17d2157fed6c7a54fa746a4e8ad0dfcf) Importer(815301076,1909f56bfc062723c751e8b465ee728b) [PhysX] Initialized MultithreadedTaskDispatcher with 20 workers.
 -> (artifact id: 'dc580aa05a558cae9496032c1c966c03') in 0.010676 seconds
Number of updated asset objects reloaded before import = 0
Number of asset objects unloaded after import = 315
========================================================================
Received Import Request.
  Time since last request: 0.008565 seconds.
  path: Assets/Third Parts/Grruzam Powerful Sword Animation(Great Sword, Katana)/Animation/M_Katana_Blade/4_Damages/5__KnockDown/M_katana_Blade@KnockDown_Back_ver_B.FBX
  artifactKey: Guid(234d21fcceba1f54abbc9b0fa5bfef50) Importer(815301076,1909f56bfc062723c751e8b465ee728b)
Start importing Assets/Third Parts/Grruzam Powerful Sword Animation(Great Sword, Katana)/Animation/M_Katana_Blade/4_Damages/5__KnockDown/M_katana_Blade@KnockDown_Back_ver_B.FBX using Guid(234d21fcceba1f54abbc9b0fa5bfef50) Importer(815301076,1909f56bfc062723c751e8b465ee728b) [PhysX] Initialized MultithreadedTaskDispatcher with 20 workers.
 -> (artifact id: 'f57af3c7d3c4e5e0117f48bdac755c60') in 0.009730 seconds
Number of updated asset objects reloaded before import = 0
Number of asset objects unloaded after import = 315
========================================================================
Received Import Request.
  Time since last request: 0.000624 seconds.
  path: Assets/Third Parts/Grruzam Powerful Sword Animation(Great Sword, Katana)/Animation/M_Katana_Blade/4_Damages/5__KnockDown/M_katana_Blade@KnockDown_Front_Damage.FBX
  artifactKey: Guid(425316aa38ad99744b850780e1fcbfd4) Importer(815301076,1909f56bfc062723c751e8b465ee728b)
Start importing Assets/Third Parts/Grruzam Powerful Sword Animation(Great Sword, Katana)/Animation/M_Katana_Blade/4_Damages/5__KnockDown/M_katana_Blade@KnockDown_Front_Damage.FBX using Guid(425316aa38ad99744b850780e1fcbfd4) Importer(815301076,1909f56bfc062723c751e8b465ee728b) [PhysX] Initialized MultithreadedTaskDispatcher with 20 workers.
 -> (artifact id: 'aebceaeefb002462eea96459f5e484e2') in 0.016270 seconds
Number of updated asset objects reloaded before import = 0
Number of asset objects unloaded after import = 315
========================================================================
Received Import Request.
  Time since last request: 0.000943 seconds.
  path: Assets/Third Parts/Grruzam Powerful Sword Animation(Great Sword, Katana)/Animation/M_Katana_Blade/4_Damages/5__KnockDown/M_katana_Blade@KnockDown_Front_Smash_Double.FBX
  artifactKey: Guid(1d5a0011942d4f045a96eb477ad0486f) Importer(815301076,1909f56bfc062723c751e8b465ee728b)
Start importing Assets/Third Parts/Grruzam Powerful Sword Animation(Great Sword, Katana)/Animation/M_Katana_Blade/4_Damages/5__KnockDown/M_katana_Blade@KnockDown_Front_Smash_Double.FBX using Guid(1d5a0011942d4f045a96eb477ad0486f) Importer(815301076,1909f56bfc062723c751e8b465ee728b) [PhysX] Initialized MultithreadedTaskDispatcher with 20 workers.
 -> (artifact id: '74b3847ffaa922ee6de85a0f4016f9a3') in 0.011495 seconds
Number of updated asset objects reloaded before import = 0
Number of asset objects unloaded after import = 141
========================================================================
Received Import Request.
  Time since last request: 0.019326 seconds.
  path: Assets/MagicaCloth2/Example (Can be deleted)/UnityChan/SD_Kohaku_chanz/Utc_sum_humanoid.fbx
  artifactKey: Guid(5c78fba67bb448b42b8dc9ef978170e0) Importer(815301076,1909f56bfc062723c751e8b465ee728b)
Start importing Assets/MagicaCloth2/Example (Can be deleted)/UnityChan/SD_Kohaku_chanz/Utc_sum_humanoid.fbx using Guid(5c78fba67bb448b42b8dc9ef978170e0) Importer(815301076,1909f56bfc062723c751e8b465ee728b) [PhysX] Initialized MultithreadedTaskDispatcher with 20 workers.
[PhysX] Initialized MultithreadedTaskDispatcher with 20 workers.
[PhysX] Initialized MultithreadedTaskDispatcher with 20 workers.
[PhysX] Initialized MultithreadedTaskDispatcher with 20 workers.
[PhysX] Initialized MultithreadedTaskDispatcher with 20 workers.
[PhysX] Initialized MultithreadedTaskDispatcher with 20 workers.
[PhysX] Initialized MultithreadedTaskDispatcher with 20 workers.
[PhysX] Initialized MultithreadedTaskDispatcher with 20 workers.
[PhysX] Initialized MultithreadedTaskDispatcher with 20 workers.
[PhysX] Initialized MultithreadedTaskDispatcher with 20 workers.
[PhysX] Initialized MultithreadedTaskDispatcher with 20 workers.
[PhysX] Initialized MultithreadedTaskDispatcher with 20 workers.
[PhysX] Initialized MultithreadedTaskDispatcher with 20 workers.
[PhysX] Initialized MultithreadedTaskDispatcher with 20 workers.
 -> (artifact id: '9a38e205063257a2a4b4b07ae20c31c6') in 0.100208 seconds
Number of updated asset objects reloaded before import = 0
Number of asset objects unloaded after import = 274
Editor requested this worker to shutdown with reason: Scaling down because of idle timeout
TcpMessagingSession - receive error: operation aborted. errorcode: 995, details: 由于线程退出或应用程序请求，已中止 I/O 操作。
AssetImportWorker is now disconnected from the server
Process exiting
Exiting without the bug reporter. Application will terminate with return code 0