Using pre-set license
Built from '2022.3/china_unity/release' branch; Version is '2022.3.50f1c1 (11690e56caf9) revision 1141006'; Using compiler version '192829333'; Build Type 'Release'
OS: 'Windows 11  (10.0.26100) 64bit CoreCountrySpecific' Language: 'zh' Physical Memory: 16010 MB
BatchMode: 1, IsHumanControllingUs: 0, StartBugReporterOnCrash: 0, Is64bit: 1, IsPro: 1

COMMAND LINE ARGUMENTS:
E:\Unity\Editor\2022.3.50f1c1\Editor\Unity.exe
-adb2
-batchMode
-noUpm
-name
AssetImportWorker1
-projectPath
E:/Unity/Project/JustTest
-logFile
Logs/AssetImportWorker1.log
-srvPort
56757
Successfully changed project path to: E:/Unity/Project/JustTest
E:/Unity/Project/JustTest
[UnityMemory] Configuration Parameters - Can be set up in boot.config
    "memorysetup-bucket-allocator-granularity=16"
    "memorysetup-bucket-allocator-bucket-count=8"
    "memorysetup-bucket-allocator-block-size=33554432"
    "memorysetup-bucket-allocator-block-count=8"
    "memorysetup-main-allocator-block-size=16777216"
    "memorysetup-thread-allocator-block-size=16777216"
    "memorysetup-gfx-main-allocator-block-size=16777216"
    "memorysetup-gfx-thread-allocator-block-size=16777216"
    "memorysetup-cache-allocator-block-size=4194304"
    "memorysetup-typetree-allocator-block-size=2097152"
    "memorysetup-profiler-bucket-allocator-granularity=16"
    "memorysetup-profiler-bucket-allocator-bucket-count=8"
    "memorysetup-profiler-bucket-allocator-block-size=33554432"
    "memorysetup-profiler-bucket-allocator-block-count=8"
    "memorysetup-profiler-allocator-block-size=16777216"
    "memorysetup-profiler-editor-allocator-block-size=1048576"
    "memorysetup-temp-allocator-size-main=16777216"
    "memorysetup-job-temp-allocator-block-size=2097152"
    "memorysetup-job-temp-allocator-block-size-background=1048576"
    "memorysetup-job-temp-allocator-reduction-small-platforms=262144"
    "memorysetup-allocator-temp-initial-block-size-main=262144"
    "memorysetup-allocator-temp-initial-block-size-worker=262144"
    "memorysetup-temp-allocator-size-background-worker=32768"
    "memorysetup-temp-allocator-size-job-worker=262144"
    "memorysetup-temp-allocator-size-preload-manager=33554432"
    "memorysetup-temp-allocator-size-nav-mesh-worker=65536"
    "memorysetup-temp-allocator-size-audio-worker=65536"
    "memorysetup-temp-allocator-size-cloud-worker=32768"
    "memorysetup-temp-allocator-size-gi-baking-worker=262144"
    "memorysetup-temp-allocator-size-gfx=262144"
Player connection [496]  Target information:

Player connection [496]  * "[IP] 26.192.160.31 [Port] 0 [Flags] 2 [Guid] 2374654156 [EditorId] 2374654156 [Version] 1048832 [Id] WindowsEditor(7,qjklw) [Debug] 1 [PackageName] WindowsEditor [ProjectName] Editor" 

Player connection [496]  * "[IP] 192.168.6.1 [Port] 0 [Flags] 2 [Guid] 2374654156 [EditorId] 2374654156 [Version] 1048832 [Id] WindowsEditor(7,qjklw) [Debug] 1 [PackageName] WindowsEditor [ProjectName] Editor" 

Player connection [496]  * "[IP] 192.168.246.1 [Port] 0 [Flags] 2 [Guid] 2374654156 [EditorId] 2374654156 [Version] 1048832 [Id] WindowsEditor(7,qjklw) [Debug] 1 [PackageName] WindowsEditor [ProjectName] Editor" 

Player connection [496]  * "[IP] 192.168.1.32 [Port] 0 [Flags] 2 [Guid] 2374654156 [EditorId] 2374654156 [Version] 1048832 [Id] WindowsEditor(7,qjklw) [Debug] 1 [PackageName] WindowsEditor [ProjectName] Editor" 

Player connection [496] Host joined multi-casting on [225.0.0.222:54997]...
Player connection [496] Host joined alternative multi-casting on [225.0.0.222:34997]...
[PhysX] Initialized MultithreadedTaskDispatcher with 20 workers.
Refreshing native plugins compatible for Editor in 12.32 ms, found 3 plugins.
Preloading 0 native plugins for Editor in 0.00 ms.
Initialize engine version: 2022.3.50f1c1 (11690e56caf9)
[Subsystems] Discovering subsystems at path E:/Unity/Editor/2022.3.50f1c1/Editor/Data/Resources/UnitySubsystems
[Subsystems] Discovering subsystems at path E:/Unity/Project/JustTest/Assets
GfxDevice: creating device client; threaded=0; jobified=0
Direct3D:
    Version:  Direct3D 11.0 [level 11.1]
    Renderer: NVIDIA GeForce RTX 4060 Laptop GPU (ID=0x28e0)
    Vendor:   NVIDIA
    VRAM:     7957 MB
    Driver:   32.0.15.6607
Initialize mono
Mono path[0] = 'E:/Unity/Editor/2022.3.50f1c1/Editor/Data/Managed'
Mono path[1] = 'E:/Unity/Editor/2022.3.50f1c1/Editor/Data/MonoBleedingEdge/lib/mono/unityjit-win32'
Mono config path = 'E:/Unity/Editor/2022.3.50f1c1/Editor/Data/MonoBleedingEdge/etc'
Using monoOptions --debugger-agent=transport=dt_socket,embedding=1,server=y,suspend=n,address=127.0.0.1:56744
Begin MonoManager ReloadAssembly
Registering precompiled unity dll's ...
Register platform support module: E:/Unity/Editor/2022.3.50f1c1/Editor/Data/PlaybackEngines/WebGLSupport/UnityEditor.WebGL.Extensions.dll
Register platform support module: E:/Unity/Editor/2022.3.50f1c1/Editor/Data/PlaybackEngines/WindowsStandaloneSupport/UnityEditor.WindowsStandalone.Extensions.dll
Registered in 0.004994 seconds.
- Loaded All Assemblies, in  0.246 seconds
Native extension for WindowsStandalone target not found
Native extension for WebGL target not found
Mono: successfully reloaded assembly
- Finished resetting the current domain, in  0.206 seconds
Domain Reload Profiling: 452ms
	BeginReloadAssembly (71ms)
		ExecutionOrderSort (0ms)
		DisableScriptedObjects (0ms)
		BackupInstance (0ms)
		ReleaseScriptingObjects (0ms)
		CreateAndSetChildDomain (1ms)
	RebuildCommonClasses (26ms)
	RebuildNativeTypeToScriptingClass (7ms)
	initialDomainReloadingComplete (39ms)
	LoadAllAssembliesAndSetupDomain (103ms)
		LoadAssemblies (70ms)
		RebuildTransferFunctionScriptingTraits (0ms)
		AnalyzeDomain (102ms)
			TypeCache.Refresh (101ms)
				TypeCache.ScanAssembly (91ms)
			ScanForSourceGeneratedMonoScriptInfo (0ms)
			ResolveRequiredComponents (0ms)
	FinalizeReload (207ms)
		ReleaseScriptCaches (0ms)
		RebuildScriptCaches (0ms)
		SetupLoadedEditorAssemblies (173ms)
			LogAssemblyErrors (0ms)
			InitializePlatformSupportModulesInManaged (9ms)
			SetLoadedEditorAssemblies (4ms)
			RefreshPlugins (0ms)
			BeforeProcessingInitializeOnLoad (2ms)
			ProcessInitializeOnLoadAttributes (124ms)
			ProcessInitializeOnLoadMethodAttributes (34ms)
			AfterProcessingInitializeOnLoad (0ms)
			EditorAssembliesLoaded (0ms)
		ExecutionOrderSort2 (0ms)
		AwakeInstancesAfterBackupRestoration (0ms)
========================================================================
Worker process is ready to serve import requests
Caller must complete domain reload
Begin MonoManager ReloadAssembly
- Loaded All Assemblies, in  0.540 seconds
Native extension for WindowsStandalone target not found
Native extension for WebGL target not found
Mono: successfully reloaded assembly
- Finished resetting the current domain, in  0.840 seconds
Domain Reload Profiling: 1379ms
	BeginReloadAssembly (106ms)
		ExecutionOrderSort (0ms)
		DisableScriptedObjects (3ms)
		BackupInstance (0ms)
		ReleaseScriptingObjects (0ms)
		CreateAndSetChildDomain (18ms)
	RebuildCommonClasses (24ms)
	RebuildNativeTypeToScriptingClass (11ms)
	initialDomainReloadingComplete (31ms)
	LoadAllAssembliesAndSetupDomain (366ms)
		LoadAssemblies (251ms)
		RebuildTransferFunctionScriptingTraits (0ms)
		AnalyzeDomain (168ms)
			TypeCache.Refresh (138ms)
				TypeCache.ScanAssembly (125ms)
			ScanForSourceGeneratedMonoScriptInfo (20ms)
			ResolveRequiredComponents (9ms)
	FinalizeReload (841ms)
		ReleaseScriptCaches (0ms)
		RebuildScriptCaches (0ms)
		SetupLoadedEditorAssemblies (717ms)
			LogAssemblyErrors (0ms)
			InitializePlatformSupportModulesInManaged (5ms)
			SetLoadedEditorAssemblies (4ms)
			RefreshPlugins (0ms)
			BeforeProcessingInitializeOnLoad (95ms)
			ProcessInitializeOnLoadAttributes (524ms)
			ProcessInitializeOnLoadMethodAttributes (85ms)
			AfterProcessingInitializeOnLoad (4ms)
			EditorAssembliesLoaded (1ms)
		ExecutionOrderSort2 (0ms)
		AwakeInstancesAfterBackupRestoration (4ms)
Launched and connected shader compiler UnityShaderCompiler.exe after 0.06 seconds
Refreshing native plugins compatible for Editor in 3.46 ms, found 3 plugins.
Preloading 0 native plugins for Editor in 0.00 ms.
Unloading 6365 Unused Serialized files (Serialized files now loaded: 0)
Unloading 46 unused Assets / (486.5 KB). Loaded Objects now: 6827.
Memory consumption went from 285.9 MB to 285.5 MB.
Total: 4.721700 ms (FindLiveObjects: 0.543700 ms CreateObjectMapping: 0.225900 ms MarkObjects: 3.735700 ms  DeleteObjects: 0.215000 ms)

AssetImportParameters requested are different than current active one (requested -> active):
  custom:container-demuxer-ogg: 62fdf1f143b41e24485cea50d1cbac27 -> 
  custom:framework-win-MediaFoundation: 216162199b28c13a410421893ffa2e32 -> 
  custom:container-muxer-webm: aa71ff27fc2769a1b78a27578f13a17b -> 
  custom:video-decoder-webm-vp8: 9c59270c3fd7afecdb556c50c9e8de78 -> 
  custom:SearchIndexIgnoredProperties: e643bd26f0fe6173181afceb89e7c659 -> 
  custom:AudioImporter_EditorPlatform: d09bf68614088b80899f8185d706f6e7 -> 
  custom:audio-decoder-ogg-vorbis: bf7c407c2cedff20999df2af8eb42d56 -> 
  custom:audio-encoder-webm-vorbis: bf7c407c2cedff20999df2af8eb42d56 -> 
  custom:video-codec-MediaFoundation-h265: 746d11721c4dcdbdad8f713fa42b33f4 -> 
  custom:video-decoder-ogg-theora: a1e56fd34408186e4bbccfd4996cb3dc -> 
  custom:CustomObjectIndexerAttribute: 72b91833f83ae208fae7752999fa3104 -> 
  custom:container-demuxer-webm: 4f35f7cbe854078d1ac9338744f61a02 -> 
  custom:video-encoder-webm-vp8: eb34c28f22e8b96e1ab97ce403110664 -> 
========================================================================
Received Import Request.
  Time since last request: 49113.017372 seconds.
  path: Assets/Third Parts/CLazyRunnerActionAnimPack/Animations/P2_CLazyEscape/Esc_8way_BoostDash_Air/CLazy@Esc_BoostDash_Air_Front_Ad.FBX
  artifactKey: Guid(50aa6941d238cde489bd30913cd3e273) Importer(815301076,1909f56bfc062723c751e8b465ee728b)
Start importing Assets/Third Parts/CLazyRunnerActionAnimPack/Animations/P2_CLazyEscape/Esc_8way_BoostDash_Air/CLazy@Esc_BoostDash_Air_Front_Ad.FBX using Guid(50aa6941d238cde489bd30913cd3e273) Importer(815301076,1909f56bfc062723c751e8b465ee728b) [PhysX] Initialized MultithreadedTaskDispatcher with 20 workers.
[PhysX] Initialized MultithreadedTaskDispatcher with 20 workers.
[PhysX] Initialized MultithreadedTaskDispatcher with 20 workers.
[PhysX] Initialized MultithreadedTaskDispatcher with 20 workers.
 -> (artifact id: '310a094236053c22c0144002fc2a64b5') in 0.343566 seconds
Number of updated asset objects reloaded before import = 0
Number of asset objects unloaded after import = 166
========================================================================
Received Import Request.
  Time since last request: 0.000061 seconds.
  path: Assets/Third Parts/CLazyRunnerActionAnimPack/Animations/P2_CLazyEscape/Esc_8way_BoostDash/CLazy@Esc_BoostDash_Front_Ad.FBX
  artifactKey: Guid(b65f4ab6ff6b6b147b74b8a78ad17353) Importer(815301076,1909f56bfc062723c751e8b465ee728b)
Start importing Assets/Third Parts/CLazyRunnerActionAnimPack/Animations/P2_CLazyEscape/Esc_8way_BoostDash/CLazy@Esc_BoostDash_Front_Ad.FBX using Guid(b65f4ab6ff6b6b147b74b8a78ad17353) Importer(815301076,1909f56bfc062723c751e8b465ee728b) [PhysX] Initialized MultithreadedTaskDispatcher with 20 workers.
[PhysX] Initialized MultithreadedTaskDispatcher with 20 workers.
[PhysX] Initialized MultithreadedTaskDispatcher with 20 workers.
[PhysX] Initialized MultithreadedTaskDispatcher with 20 workers.
 -> (artifact id: '85d896bea09df6805aba788ba693da8b') in 0.039383 seconds
Number of updated asset objects reloaded before import = 0
Number of asset objects unloaded after import = 148
========================================================================
Received Import Request.
  Time since last request: 0.000033 seconds.
  path: Assets/Third Parts/CLazyRunnerActionAnimPack/Animations/P2_CLazyEscape/Esc_8way_BoostDash_Air/CLazy@Esc_BoostDash_Air_Right.FBX
  artifactKey: Guid(e3ea56d51ce524642b50861e4eae9368) Importer(815301076,1909f56bfc062723c751e8b465ee728b)
Start importing Assets/Third Parts/CLazyRunnerActionAnimPack/Animations/P2_CLazyEscape/Esc_8way_BoostDash_Air/CLazy@Esc_BoostDash_Air_Right.FBX using Guid(e3ea56d51ce524642b50861e4eae9368) Importer(815301076,1909f56bfc062723c751e8b465ee728b) [PhysX] Initialized MultithreadedTaskDispatcher with 20 workers.
[PhysX] Initialized MultithreadedTaskDispatcher with 20 workers.
[PhysX] Initialized MultithreadedTaskDispatcher with 20 workers.
[PhysX] Initialized MultithreadedTaskDispatcher with 20 workers.
 -> (artifact id: 'fa2b46c89c65de31c3bcedcd54cfc5ea') in 0.028876 seconds
Number of updated asset objects reloaded before import = 0
Number of asset objects unloaded after import = 148
========================================================================
Received Import Request.
  Time since last request: 0.000023 seconds.
  path: Assets/Third Parts/CLazyRunnerActionAnimPack/Animations/P2_CLazyEscape/Esc_8way_BoostDash_Air/CLazy@Esc_BoostDash_Air_Back_L45_Root.FBX
  artifactKey: Guid(170cf293fdce4b3448a1a35435b2d30c) Importer(815301076,1909f56bfc062723c751e8b465ee728b)
Start importing Assets/Third Parts/CLazyRunnerActionAnimPack/Animations/P2_CLazyEscape/Esc_8way_BoostDash_Air/CLazy@Esc_BoostDash_Air_Back_L45_Root.FBX using Guid(170cf293fdce4b3448a1a35435b2d30c) Importer(815301076,1909f56bfc062723c751e8b465ee728b) [PhysX] Initialized MultithreadedTaskDispatcher with 20 workers.
[PhysX] Initialized MultithreadedTaskDispatcher with 20 workers.
[PhysX] Initialized MultithreadedTaskDispatcher with 20 workers.
[PhysX] Initialized MultithreadedTaskDispatcher with 20 workers.
 -> (artifact id: '57ff444e112611a9b8f22e9595425dc6') in 0.034035 seconds
Number of updated asset objects reloaded before import = 0
Number of asset objects unloaded after import = 148
========================================================================
Received Import Request.
  Time since last request: 0.000020 seconds.
  path: Assets/Third Parts/CLazyRunnerActionAnimPack/Animations/P2_CLazyEscape/Esc_8way_BoostDash_Air/CLazy@Esc_BoostDash_Air_Front_L45_Root.FBX
  artifactKey: Guid(d9a2db4ffb0dce044982ec4cf7e98694) Importer(815301076,1909f56bfc062723c751e8b465ee728b)
Start importing Assets/Third Parts/CLazyRunnerActionAnimPack/Animations/P2_CLazyEscape/Esc_8way_BoostDash_Air/CLazy@Esc_BoostDash_Air_Front_L45_Root.FBX using Guid(d9a2db4ffb0dce044982ec4cf7e98694) Importer(815301076,1909f56bfc062723c751e8b465ee728b) [PhysX] Initialized MultithreadedTaskDispatcher with 20 workers.
[PhysX] Initialized MultithreadedTaskDispatcher with 20 workers.
[PhysX] Initialized MultithreadedTaskDispatcher with 20 workers.
[PhysX] Initialized MultithreadedTaskDispatcher with 20 workers.
 -> (artifact id: '23cf52a88f00cadd6f3f975532b5958e') in 0.042470 seconds
Number of updated asset objects reloaded before import = 0
Number of asset objects unloaded after import = 148
========================================================================
Received Import Request.
  Time since last request: 0.000035 seconds.
  path: Assets/Third Parts/CLazyRunnerActionAnimPack/Animations/P2_CLazyEscape/Esc_8way_BoostDash/CLazy@Esc_BoostDash_Back.FBX
  artifactKey: Guid(fe0d8fedd2655db459a25db6ede64bc7) Importer(815301076,1909f56bfc062723c751e8b465ee728b)
Start importing Assets/Third Parts/CLazyRunnerActionAnimPack/Animations/P2_CLazyEscape/Esc_8way_BoostDash/CLazy@Esc_BoostDash_Back.FBX using Guid(fe0d8fedd2655db459a25db6ede64bc7) Importer(815301076,1909f56bfc062723c751e8b465ee728b) [PhysX] Initialized MultithreadedTaskDispatcher with 20 workers.
[PhysX] Initialized MultithreadedTaskDispatcher with 20 workers.
[PhysX] Initialized MultithreadedTaskDispatcher with 20 workers.
[PhysX] Initialized MultithreadedTaskDispatcher with 20 workers.
 -> (artifact id: 'e8187dafb231914f0740b1bca8a6cfdc') in 0.033758 seconds
Number of updated asset objects reloaded before import = 0
Number of asset objects unloaded after import = 148
========================================================================
Received Import Request.
  Time since last request: 0.000041 seconds.
  path: Assets/Third Parts/CLazyRunnerActionAnimPack/Animations/P2_CLazyEscape/Esc_8way_BoostDash_Air/CLazy@Esc_BoostDash_Air_Back.FBX
  artifactKey: Guid(bc7cda7b117db0a44b45189965165931) Importer(815301076,1909f56bfc062723c751e8b465ee728b)
Start importing Assets/Third Parts/CLazyRunnerActionAnimPack/Animations/P2_CLazyEscape/Esc_8way_BoostDash_Air/CLazy@Esc_BoostDash_Air_Back.FBX using Guid(bc7cda7b117db0a44b45189965165931) Importer(815301076,1909f56bfc062723c751e8b465ee728b) [PhysX] Initialized MultithreadedTaskDispatcher with 20 workers.
[PhysX] Initialized MultithreadedTaskDispatcher with 20 workers.
[PhysX] Initialized MultithreadedTaskDispatcher with 20 workers.
[PhysX] Initialized MultithreadedTaskDispatcher with 20 workers.
 -> (artifact id: 'a1f1b945689925188d465a12d0525657') in 0.032366 seconds
Number of updated asset objects reloaded before import = 0
Number of asset objects unloaded after import = 148
========================================================================
Received Import Request.
  Time since last request: 0.000037 seconds.
  path: Assets/Third Parts/CLazyRunnerActionAnimPack/Animations/P2_CLazyEscape/Esc_BoostDash_UpDown/CLazy@Esc_BoostDash_Down.FBX
  artifactKey: Guid(b8ca32d7ca3404c48b68d3c89584f09d) Importer(815301076,1909f56bfc062723c751e8b465ee728b)
Start importing Assets/Third Parts/CLazyRunnerActionAnimPack/Animations/P2_CLazyEscape/Esc_BoostDash_UpDown/CLazy@Esc_BoostDash_Down.FBX using Guid(b8ca32d7ca3404c48b68d3c89584f09d) Importer(815301076,1909f56bfc062723c751e8b465ee728b) [PhysX] Initialized MultithreadedTaskDispatcher with 20 workers.
[PhysX] Initialized MultithreadedTaskDispatcher with 20 workers.
[PhysX] Initialized MultithreadedTaskDispatcher with 20 workers.
[PhysX] Initialized MultithreadedTaskDispatcher with 20 workers.
 -> (artifact id: '8217bfb90b4cb40b8ba952cd905073ef') in 0.034294 seconds
Number of updated asset objects reloaded before import = 0
Number of asset objects unloaded after import = 148
========================================================================
Received Import Request.
  Time since last request: 0.000024 seconds.
  path: Assets/Third Parts/CLazyRunnerActionAnimPack/Animations/P5_CLazyCollision/Dam_Running_Die/CLazy@Dam_StandDie.FBX
  artifactKey: Guid(beba9ddc52d048f43aa6eac6ddab709e) Importer(815301076,1909f56bfc062723c751e8b465ee728b)
Start importing Assets/Third Parts/CLazyRunnerActionAnimPack/Animations/P5_CLazyCollision/Dam_Running_Die/CLazy@Dam_StandDie.FBX using Guid(beba9ddc52d048f43aa6eac6ddab709e) Importer(815301076,1909f56bfc062723c751e8b465ee728b) [PhysX] Initialized MultithreadedTaskDispatcher with 20 workers.
[PhysX] Initialized MultithreadedTaskDispatcher with 20 workers.
[PhysX] Initialized MultithreadedTaskDispatcher with 20 workers.
[PhysX] Initialized MultithreadedTaskDispatcher with 20 workers.
 -> (artifact id: 'f6e6a99afb2f968f29af6f6f6a2848d4') in 0.038163 seconds
Number of updated asset objects reloaded before import = 0
Number of asset objects unloaded after import = 148
========================================================================
Received Import Request.
  Time since last request: 0.000028 seconds.
  path: Assets/Third Parts/CLazyRunnerActionAnimPack/Animations/P5_CLazyCollision/Dam_Stumble_Run/CLazy@Dam_Turn_Stumble_Left_Root.FBX
  artifactKey: Guid(93144627ac554344abd022dff7f616d0) Importer(815301076,1909f56bfc062723c751e8b465ee728b)
Start importing Assets/Third Parts/CLazyRunnerActionAnimPack/Animations/P5_CLazyCollision/Dam_Stumble_Run/CLazy@Dam_Turn_Stumble_Left_Root.FBX using Guid(93144627ac554344abd022dff7f616d0) Importer(815301076,1909f56bfc062723c751e8b465ee728b) [PhysX] Initialized MultithreadedTaskDispatcher with 20 workers.
[PhysX] Initialized MultithreadedTaskDispatcher with 20 workers.
[PhysX] Initialized MultithreadedTaskDispatcher with 20 workers.
[PhysX] Initialized MultithreadedTaskDispatcher with 20 workers.
 -> (artifact id: '7c9fc443d712e02c14ccb7a458a4fabf') in 0.030840 seconds
Number of updated asset objects reloaded before import = 0
Number of asset objects unloaded after import = 148
========================================================================
Received Import Request.
  Time since last request: 0.000030 seconds.
  path: Assets/Third Parts/CLazyRunnerActionAnimPack/Animations/P5_CLazyCollision/Dam_Running_Die/CLazy@Dam_TurnDie_Root.FBX
  artifactKey: Guid(6e5476f35681e2a4291676f06510ab47) Importer(815301076,1909f56bfc062723c751e8b465ee728b)
Start importing Assets/Third Parts/CLazyRunnerActionAnimPack/Animations/P5_CLazyCollision/Dam_Running_Die/CLazy@Dam_TurnDie_Root.FBX using Guid(6e5476f35681e2a4291676f06510ab47) Importer(815301076,1909f56bfc062723c751e8b465ee728b) [PhysX] Initialized MultithreadedTaskDispatcher with 20 workers.
[PhysX] Initialized MultithreadedTaskDispatcher with 20 workers.
[PhysX] Initialized MultithreadedTaskDispatcher with 20 workers.
[PhysX] Initialized MultithreadedTaskDispatcher with 20 workers.
 -> (artifact id: '3cc4bcf02e72a643a52f268891296afd') in 0.032154 seconds
Number of updated asset objects reloaded before import = 0
Number of asset objects unloaded after import = 148
========================================================================
Received Import Request.
  Time since last request: 0.000023 seconds.
  path: Assets/Third Parts/CLazyRunnerActionAnimPack/Animations/P2_CLazyEscape/Esc_8way_BoostDash/CLazy@Esc_BoostDash_Back_L45.FBX
  artifactKey: Guid(62519a88055281046a50c1e839c0352d) Importer(815301076,1909f56bfc062723c751e8b465ee728b)
Start importing Assets/Third Parts/CLazyRunnerActionAnimPack/Animations/P2_CLazyEscape/Esc_8way_BoostDash/CLazy@Esc_BoostDash_Back_L45.FBX using Guid(62519a88055281046a50c1e839c0352d) Importer(815301076,1909f56bfc062723c751e8b465ee728b) [PhysX] Initialized MultithreadedTaskDispatcher with 20 workers.
[PhysX] Initialized MultithreadedTaskDispatcher with 20 workers.
[PhysX] Initialized MultithreadedTaskDispatcher with 20 workers.
[PhysX] Initialized MultithreadedTaskDispatcher with 20 workers.
 -> (artifact id: 'f11f4ee9ba860c4e0118089d34f42895') in 0.034537 seconds
Number of updated asset objects reloaded before import = 0
Number of asset objects unloaded after import = 148
========================================================================
Received Import Request.
  Time since last request: 0.000024 seconds.
  path: Assets/Third Parts/CLazyRunnerActionAnimPack/Animations/P2_CLazyEscape/Esc_8way_BoostDash_Air/CLazy@Esc_BoostDash_Air_Left.FBX
  artifactKey: Guid(67301677a0bcfa745b029d8308a78c54) Importer(815301076,1909f56bfc062723c751e8b465ee728b)
Start importing Assets/Third Parts/CLazyRunnerActionAnimPack/Animations/P2_CLazyEscape/Esc_8way_BoostDash_Air/CLazy@Esc_BoostDash_Air_Left.FBX using Guid(67301677a0bcfa745b029d8308a78c54) Importer(815301076,1909f56bfc062723c751e8b465ee728b) [PhysX] Initialized MultithreadedTaskDispatcher with 20 workers.
[PhysX] Initialized MultithreadedTaskDispatcher with 20 workers.
[PhysX] Initialized MultithreadedTaskDispatcher with 20 workers.
[PhysX] Initialized MultithreadedTaskDispatcher with 20 workers.
 -> (artifact id: '04d9bc3bb5c50f72749665f40061ad13') in 0.031088 seconds
Number of updated asset objects reloaded before import = 0
Number of asset objects unloaded after import = 148
========================================================================
Received Import Request.
  Time since last request: 0.000025 seconds.
  path: Assets/Third Parts/CLazyRunnerActionAnimPack/Animations/P5_CLazyCollision/Dam_Leap_Over_Die/CLazy@Dam_StandDie_Over2_Root.FBX
  artifactKey: Guid(80ba5f2626df9c84fa4444eda407c61a) Importer(815301076,1909f56bfc062723c751e8b465ee728b)
Start importing Assets/Third Parts/CLazyRunnerActionAnimPack/Animations/P5_CLazyCollision/Dam_Leap_Over_Die/CLazy@Dam_StandDie_Over2_Root.FBX using Guid(80ba5f2626df9c84fa4444eda407c61a) Importer(815301076,1909f56bfc062723c751e8b465ee728b) [PhysX] Initialized MultithreadedTaskDispatcher with 20 workers.
[PhysX] Initialized MultithreadedTaskDispatcher with 20 workers.
[PhysX] Initialized MultithreadedTaskDispatcher with 20 workers.
[PhysX] Initialized MultithreadedTaskDispatcher with 20 workers.
 -> (artifact id: 'd4aeae1b44045fdb6abcee884ccf921f') in 0.030123 seconds
Number of updated asset objects reloaded before import = 0
Number of asset objects unloaded after import = 148
Editor requested this worker to shutdown with reason: Scaling down because of idle timeout
TcpMessagingSession - receive error: operation aborted. errorcode: 995, details: 由于线程退出或应用程序请求，已中止 I/O 操作。
AssetImportWorker is now disconnected from the server
Process exiting
Exiting without the bug reporter. Application will terminate with return code 0