Using pre-set license
Built from '2022.3/china_unity/release' branch; Version is '2022.3.50f1c1 (11690e56caf9) revision 1141006'; Using compiler version '192829333'; Build Type 'Release'
OS: 'Windows 11  (10.0.26100) 64bit CoreCountrySpecific' Language: 'zh' Physical Memory: 16010 MB
BatchMode: 1, IsHumanControllingUs: 0, StartBugReporterOnCrash: 0, Is64bit: 1, IsPro: 1

COMMAND LINE ARGUMENTS:
E:\Unity\Editor\2022.3.50f1c1\Editor\Unity.exe
-adb2
-batchMode
-noUpm
-name
AssetImportWorker2
-projectPath
E:/Unity/Project/JustTest
-logFile
Logs/AssetImportWorker2.log
-srvPort
56757
Successfully changed project path to: E:/Unity/Project/JustTest
E:/Unity/Project/JustTest
[UnityMemory] Configuration Parameters - Can be set up in boot.config
    "memorysetup-bucket-allocator-granularity=16"
    "memorysetup-bucket-allocator-bucket-count=8"
    "memorysetup-bucket-allocator-block-size=33554432"
    "memorysetup-bucket-allocator-block-count=8"
    "memorysetup-main-allocator-block-size=16777216"
    "memorysetup-thread-allocator-block-size=16777216"
    "memorysetup-gfx-main-allocator-block-size=16777216"
    "memorysetup-gfx-thread-allocator-block-size=16777216"
    "memorysetup-cache-allocator-block-size=4194304"
    "memorysetup-typetree-allocator-block-size=2097152"
    "memorysetup-profiler-bucket-allocator-granularity=16"
    "memorysetup-profiler-bucket-allocator-bucket-count=8"
    "memorysetup-profiler-bucket-allocator-block-size=33554432"
    "memorysetup-profiler-bucket-allocator-block-count=8"
    "memorysetup-profiler-allocator-block-size=16777216"
    "memorysetup-profiler-editor-allocator-block-size=1048576"
    "memorysetup-temp-allocator-size-main=16777216"
    "memorysetup-job-temp-allocator-block-size=2097152"
    "memorysetup-job-temp-allocator-block-size-background=1048576"
    "memorysetup-job-temp-allocator-reduction-small-platforms=262144"
    "memorysetup-allocator-temp-initial-block-size-main=262144"
    "memorysetup-allocator-temp-initial-block-size-worker=262144"
    "memorysetup-temp-allocator-size-background-worker=32768"
    "memorysetup-temp-allocator-size-job-worker=262144"
    "memorysetup-temp-allocator-size-preload-manager=33554432"
    "memorysetup-temp-allocator-size-nav-mesh-worker=65536"
    "memorysetup-temp-allocator-size-audio-worker=65536"
    "memorysetup-temp-allocator-size-cloud-worker=32768"
    "memorysetup-temp-allocator-size-gi-baking-worker=262144"
    "memorysetup-temp-allocator-size-gfx=262144"
Player connection [43988]  Target information:

Player connection [43988]  * "[IP] 26.192.160.31 [Port] 0 [Flags] 2 [Guid] 3037406400 [EditorId] 3037406400 [Version] 1048832 [Id] WindowsEditor(7,qjklw) [Debug] 1 [PackageName] WindowsEditor [ProjectName] Editor" 

Player connection [43988]  * "[IP] 192.168.6.1 [Port] 0 [Flags] 2 [Guid] 3037406400 [EditorId] 3037406400 [Version] 1048832 [Id] WindowsEditor(7,qjklw) [Debug] 1 [PackageName] WindowsEditor [ProjectName] Editor" 

Player connection [43988]  * "[IP] 192.168.246.1 [Port] 0 [Flags] 2 [Guid] 3037406400 [EditorId] 3037406400 [Version] 1048832 [Id] WindowsEditor(7,qjklw) [Debug] 1 [PackageName] WindowsEditor [ProjectName] Editor" 

Player connection [43988]  * "[IP] 192.168.1.32 [Port] 0 [Flags] 2 [Guid] 3037406400 [EditorId] 3037406400 [Version] 1048832 [Id] WindowsEditor(7,qjklw) [Debug] 1 [PackageName] WindowsEditor [ProjectName] Editor" 

Player connection [43988] Host joined multi-casting on [225.0.0.222:54997]...
Player connection [43988] Host joined alternative multi-casting on [225.0.0.222:34997]...
[PhysX] Initialized MultithreadedTaskDispatcher with 20 workers.
Refreshing native plugins compatible for Editor in 13.23 ms, found 3 plugins.
Preloading 0 native plugins for Editor in 0.00 ms.
Initialize engine version: 2022.3.50f1c1 (11690e56caf9)
[Subsystems] Discovering subsystems at path E:/Unity/Editor/2022.3.50f1c1/Editor/Data/Resources/UnitySubsystems
[Subsystems] Discovering subsystems at path E:/Unity/Project/JustTest/Assets
GfxDevice: creating device client; threaded=0; jobified=0
Direct3D:
    Version:  Direct3D 11.0 [level 11.1]
    Renderer: NVIDIA GeForce RTX 4060 Laptop GPU (ID=0x28e0)
    Vendor:   NVIDIA
    VRAM:     7957 MB
    Driver:   32.0.15.6607
Initialize mono
Mono path[0] = 'E:/Unity/Editor/2022.3.50f1c1/Editor/Data/Managed'
Mono path[1] = 'E:/Unity/Editor/2022.3.50f1c1/Editor/Data/MonoBleedingEdge/lib/mono/unityjit-win32'
Mono config path = 'E:/Unity/Editor/2022.3.50f1c1/Editor/Data/MonoBleedingEdge/etc'
Using monoOptions --debugger-agent=transport=dt_socket,embedding=1,server=y,suspend=n,address=127.0.0.1:56112
Begin MonoManager ReloadAssembly
Registering precompiled unity dll's ...
Register platform support module: E:/Unity/Editor/2022.3.50f1c1/Editor/Data/PlaybackEngines/WebGLSupport/UnityEditor.WebGL.Extensions.dll
Register platform support module: E:/Unity/Editor/2022.3.50f1c1/Editor/Data/PlaybackEngines/WindowsStandaloneSupport/UnityEditor.WindowsStandalone.Extensions.dll
Registered in 0.004178 seconds.
- Loaded All Assemblies, in  0.245 seconds
Native extension for WindowsStandalone target not found
Native extension for WebGL target not found
Mono: successfully reloaded assembly
- Finished resetting the current domain, in  0.204 seconds
Domain Reload Profiling: 448ms
	BeginReloadAssembly (74ms)
		ExecutionOrderSort (0ms)
		DisableScriptedObjects (0ms)
		BackupInstance (0ms)
		ReleaseScriptingObjects (0ms)
		CreateAndSetChildDomain (1ms)
	RebuildCommonClasses (23ms)
	RebuildNativeTypeToScriptingClass (8ms)
	initialDomainReloadingComplete (43ms)
	LoadAllAssembliesAndSetupDomain (96ms)
		LoadAssemblies (72ms)
		RebuildTransferFunctionScriptingTraits (0ms)
		AnalyzeDomain (94ms)
			TypeCache.Refresh (93ms)
				TypeCache.ScanAssembly (84ms)
			ScanForSourceGeneratedMonoScriptInfo (0ms)
			ResolveRequiredComponents (0ms)
	FinalizeReload (205ms)
		ReleaseScriptCaches (0ms)
		RebuildScriptCaches (0ms)
		SetupLoadedEditorAssemblies (166ms)
			LogAssemblyErrors (0ms)
			InitializePlatformSupportModulesInManaged (7ms)
			SetLoadedEditorAssemblies (5ms)
			RefreshPlugins (0ms)
			BeforeProcessingInitializeOnLoad (3ms)
			ProcessInitializeOnLoadAttributes (112ms)
			ProcessInitializeOnLoadMethodAttributes (39ms)
			AfterProcessingInitializeOnLoad (0ms)
			EditorAssembliesLoaded (0ms)
		ExecutionOrderSort2 (0ms)
		AwakeInstancesAfterBackupRestoration (0ms)
========================================================================
Worker process is ready to serve import requests
Caller must complete domain reload
Begin MonoManager ReloadAssembly
- Loaded All Assemblies, in  0.543 seconds
Native extension for WindowsStandalone target not found
Native extension for WebGL target not found
Mono: successfully reloaded assembly
- Finished resetting the current domain, in  0.849 seconds
Domain Reload Profiling: 1390ms
	BeginReloadAssembly (95ms)
		ExecutionOrderSort (0ms)
		DisableScriptedObjects (3ms)
		BackupInstance (0ms)
		ReleaseScriptingObjects (0ms)
		CreateAndSetChildDomain (15ms)
	RebuildCommonClasses (23ms)
	RebuildNativeTypeToScriptingClass (6ms)
	initialDomainReloadingComplete (37ms)
	LoadAllAssembliesAndSetupDomain (378ms)
		LoadAssemblies (261ms)
		RebuildTransferFunctionScriptingTraits (0ms)
		AnalyzeDomain (168ms)
			TypeCache.Refresh (136ms)
				TypeCache.ScanAssembly (125ms)
			ScanForSourceGeneratedMonoScriptInfo (22ms)
			ResolveRequiredComponents (8ms)
	FinalizeReload (850ms)
		ReleaseScriptCaches (0ms)
		RebuildScriptCaches (0ms)
		SetupLoadedEditorAssemblies (736ms)
			LogAssemblyErrors (0ms)
			InitializePlatformSupportModulesInManaged (4ms)
			SetLoadedEditorAssemblies (4ms)
			RefreshPlugins (0ms)
			BeforeProcessingInitializeOnLoad (99ms)
			ProcessInitializeOnLoadAttributes (538ms)
			ProcessInitializeOnLoadMethodAttributes (86ms)
			AfterProcessingInitializeOnLoad (4ms)
			EditorAssembliesLoaded (1ms)
		ExecutionOrderSort2 (0ms)
		AwakeInstancesAfterBackupRestoration (7ms)
Launched and connected shader compiler UnityShaderCompiler.exe after 0.05 seconds
Refreshing native plugins compatible for Editor in 4.79 ms, found 3 plugins.
Preloading 0 native plugins for Editor in 0.00 ms.
Unloading 6365 Unused Serialized files (Serialized files now loaded: 0)
Unloading 46 unused Assets / (469.0 KB). Loaded Objects now: 6827.
Memory consumption went from 286.1 MB to 285.7 MB.
Total: 4.300600 ms (FindLiveObjects: 0.411600 ms CreateObjectMapping: 0.220800 ms MarkObjects: 3.409400 ms  DeleteObjects: 0.257500 ms)

AssetImportParameters requested are different than current active one (requested -> active):
  custom:container-demuxer-ogg: 62fdf1f143b41e24485cea50d1cbac27 -> 
  custom:framework-win-MediaFoundation: 216162199b28c13a410421893ffa2e32 -> 
  custom:container-muxer-webm: aa71ff27fc2769a1b78a27578f13a17b -> 
  custom:video-decoder-webm-vp8: 9c59270c3fd7afecdb556c50c9e8de78 -> 
  custom:SearchIndexIgnoredProperties: e643bd26f0fe6173181afceb89e7c659 -> 
  custom:AudioImporter_EditorPlatform: d09bf68614088b80899f8185d706f6e7 -> 
  custom:audio-decoder-ogg-vorbis: bf7c407c2cedff20999df2af8eb42d56 -> 
  custom:audio-encoder-webm-vorbis: bf7c407c2cedff20999df2af8eb42d56 -> 
  custom:video-codec-MediaFoundation-h265: 746d11721c4dcdbdad8f713fa42b33f4 -> 
  custom:video-decoder-ogg-theora: a1e56fd34408186e4bbccfd4996cb3dc -> 
  custom:CustomObjectIndexerAttribute: 72b91833f83ae208fae7752999fa3104 -> 
  custom:container-demuxer-webm: 4f35f7cbe854078d1ac9338744f61a02 -> 
  custom:video-encoder-webm-vp8: eb34c28f22e8b96e1ab97ce403110664 -> 
========================================================================
Received Import Request.
  Time since last request: 49113.151768 seconds.
  path: Assets/Third Parts/CLazyRunnerActionAnimPack/Animations/P5_CLazyCollision/Dam_Leap_Over_Die/CLazy@Dam_StandDie_Over2_Keep.FBX
  artifactKey: Guid(ac021d1d51165de45bedff8114de9e58) Importer(815301076,1909f56bfc062723c751e8b465ee728b)
Start importing Assets/Third Parts/CLazyRunnerActionAnimPack/Animations/P5_CLazyCollision/Dam_Leap_Over_Die/CLazy@Dam_StandDie_Over2_Keep.FBX using Guid(ac021d1d51165de45bedff8114de9e58) Importer(815301076,1909f56bfc062723c751e8b465ee728b) [PhysX] Initialized MultithreadedTaskDispatcher with 20 workers.
[PhysX] Initialized MultithreadedTaskDispatcher with 20 workers.
[PhysX] Initialized MultithreadedTaskDispatcher with 20 workers.
[PhysX] Initialized MultithreadedTaskDispatcher with 20 workers.
 -> (artifact id: 'bd40b73b7a47e912b9b3e4bd9d9dd3c2') in 0.345638 seconds
Number of updated asset objects reloaded before import = 0
Number of asset objects unloaded after import = 166
========================================================================
Received Import Request.
  Time since last request: 0.000039 seconds.
  path: Assets/Third Parts/CLazyRunnerActionAnimPack/Animations/P2_CLazyEscape/Esc_8way_BoostDash_Air/CLazy@Esc_BoostDash_Air_Back_Ad_Root.FBX
  artifactKey: Guid(b58819afa7fef37409ac23e1d82f61ca) Importer(815301076,1909f56bfc062723c751e8b465ee728b)
Start importing Assets/Third Parts/CLazyRunnerActionAnimPack/Animations/P2_CLazyEscape/Esc_8way_BoostDash_Air/CLazy@Esc_BoostDash_Air_Back_Ad_Root.FBX using Guid(b58819afa7fef37409ac23e1d82f61ca) Importer(815301076,1909f56bfc062723c751e8b465ee728b) [PhysX] Initialized MultithreadedTaskDispatcher with 20 workers.
[PhysX] Initialized MultithreadedTaskDispatcher with 20 workers.
[PhysX] Initialized MultithreadedTaskDispatcher with 20 workers.
[PhysX] Initialized MultithreadedTaskDispatcher with 20 workers.
 -> (artifact id: 'ec5d72d0120b57afed3c49b6b68078e0') in 0.036950 seconds
Number of updated asset objects reloaded before import = 0
Number of asset objects unloaded after import = 148
========================================================================
Received Import Request.
  Time since last request: 0.000030 seconds.
  path: Assets/Third Parts/CLazyRunnerActionAnimPack/Animations/P2_CLazyEscape/Esc_8way_BoostDash_Air/CLazy@Esc_BoostDash_Air_Right_Root.FBX
  artifactKey: Guid(258284d0e4ea7744481ccbf1a4b0adec) Importer(815301076,1909f56bfc062723c751e8b465ee728b)
Start importing Assets/Third Parts/CLazyRunnerActionAnimPack/Animations/P2_CLazyEscape/Esc_8way_BoostDash_Air/CLazy@Esc_BoostDash_Air_Right_Root.FBX using Guid(258284d0e4ea7744481ccbf1a4b0adec) Importer(815301076,1909f56bfc062723c751e8b465ee728b) [PhysX] Initialized MultithreadedTaskDispatcher with 20 workers.
[PhysX] Initialized MultithreadedTaskDispatcher with 20 workers.
[PhysX] Initialized MultithreadedTaskDispatcher with 20 workers.
[PhysX] Initialized MultithreadedTaskDispatcher with 20 workers.
 -> (artifact id: '6b4e232a4a3a818c8a67421765b25a10') in 0.033468 seconds
Number of updated asset objects reloaded before import = 0
Number of asset objects unloaded after import = 148
========================================================================
Received Import Request.
  Time since last request: 0.000039 seconds.
  path: Assets/Third Parts/CLazyRunnerActionAnimPack/Animations/P5_CLazyCollision/Dam_Stand_Up/CLazy@Dam_StandUp.FBX
  artifactKey: Guid(baa3c56345be38e46b3cf654cf6e3c4c) Importer(815301076,1909f56bfc062723c751e8b465ee728b)
Start importing Assets/Third Parts/CLazyRunnerActionAnimPack/Animations/P5_CLazyCollision/Dam_Stand_Up/CLazy@Dam_StandUp.FBX using Guid(baa3c56345be38e46b3cf654cf6e3c4c) Importer(815301076,1909f56bfc062723c751e8b465ee728b) [PhysX] Initialized MultithreadedTaskDispatcher with 20 workers.
[PhysX] Initialized MultithreadedTaskDispatcher with 20 workers.
[PhysX] Initialized MultithreadedTaskDispatcher with 20 workers.
[PhysX] Initialized MultithreadedTaskDispatcher with 20 workers.
 -> (artifact id: 'dfed682fe347de0c55e770ce546ef5aa') in 0.033573 seconds
Number of updated asset objects reloaded before import = 0
Number of asset objects unloaded after import = 148
========================================================================
Received Import Request.
  Time since last request: 0.000024 seconds.
  path: Assets/Third Parts/CLazyRunnerActionAnimPack/Animations/P5_CLazyCollision/Dam_Stumble_Run/CLazy@Dam_Stand_Stumble_Root.FBX
  artifactKey: Guid(e5736b16a6a5acc4d85d615e29216abb) Importer(815301076,1909f56bfc062723c751e8b465ee728b)
Start importing Assets/Third Parts/CLazyRunnerActionAnimPack/Animations/P5_CLazyCollision/Dam_Stumble_Run/CLazy@Dam_Stand_Stumble_Root.FBX using Guid(e5736b16a6a5acc4d85d615e29216abb) Importer(815301076,1909f56bfc062723c751e8b465ee728b) [PhysX] Initialized MultithreadedTaskDispatcher with 20 workers.
[PhysX] Initialized MultithreadedTaskDispatcher with 20 workers.
[PhysX] Initialized MultithreadedTaskDispatcher with 20 workers.
[PhysX] Initialized MultithreadedTaskDispatcher with 20 workers.
 -> (artifact id: 'b60997c626bb97af527cb70a1f86d0e7') in 0.033305 seconds
Number of updated asset objects reloaded before import = 0
Number of asset objects unloaded after import = 148
========================================================================
Received Import Request.
  Time since last request: 0.000023 seconds.
  path: Assets/Third Parts/CLazyRunnerActionAnimPack/Animations/P5_CLazyCollision/Dam_Stumble_Run/CLazy@Dam_Stand_Stumble.FBX
  artifactKey: Guid(58d24c59f966b7440b6087121c85130b) Importer(815301076,1909f56bfc062723c751e8b465ee728b)
Start importing Assets/Third Parts/CLazyRunnerActionAnimPack/Animations/P5_CLazyCollision/Dam_Stumble_Run/CLazy@Dam_Stand_Stumble.FBX using Guid(58d24c59f966b7440b6087121c85130b) Importer(815301076,1909f56bfc062723c751e8b465ee728b) [PhysX] Initialized MultithreadedTaskDispatcher with 20 workers.
[PhysX] Initialized MultithreadedTaskDispatcher with 20 workers.
[PhysX] Initialized MultithreadedTaskDispatcher with 20 workers.
[PhysX] Initialized MultithreadedTaskDispatcher with 20 workers.
 -> (artifact id: '90f7b2858000df5d244524cf9d7b5494') in 0.033163 seconds
Number of updated asset objects reloaded before import = 0
Number of asset objects unloaded after import = 148
========================================================================
Received Import Request.
  Time since last request: 0.000028 seconds.
  path: Assets/Third Parts/CLazyRunnerActionAnimPack/Animations/P5_CLazyCollision/Dam_Leap_Over_Die/CLazy@Dam_StandDie_Over_End.FBX
  artifactKey: Guid(d1cde9417a67f4445b8b27701d67e456) Importer(815301076,1909f56bfc062723c751e8b465ee728b)
Start importing Assets/Third Parts/CLazyRunnerActionAnimPack/Animations/P5_CLazyCollision/Dam_Leap_Over_Die/CLazy@Dam_StandDie_Over_End.FBX using Guid(d1cde9417a67f4445b8b27701d67e456) Importer(815301076,1909f56bfc062723c751e8b465ee728b) [PhysX] Initialized MultithreadedTaskDispatcher with 20 workers.
[PhysX] Initialized MultithreadedTaskDispatcher with 20 workers.
[PhysX] Initialized MultithreadedTaskDispatcher with 20 workers.
[PhysX] Initialized MultithreadedTaskDispatcher with 20 workers.
 -> (artifact id: '9411365a992c74133ab3f2b66bd74718') in 0.032579 seconds
Number of updated asset objects reloaded before import = 0
Number of asset objects unloaded after import = 148
========================================================================
Received Import Request.
  Time since last request: 0.000039 seconds.
  path: Assets/Third Parts/CLazyRunnerActionAnimPack/Animations/P2_CLazyEscape/Esc_8way_BoostDash_Air/CLazy@Esc_BoostDash_Air_Front.FBX
  artifactKey: Guid(077ca04a1b5887e48bae19b4d9f46f76) Importer(815301076,1909f56bfc062723c751e8b465ee728b)
Start importing Assets/Third Parts/CLazyRunnerActionAnimPack/Animations/P2_CLazyEscape/Esc_8way_BoostDash_Air/CLazy@Esc_BoostDash_Air_Front.FBX using Guid(077ca04a1b5887e48bae19b4d9f46f76) Importer(815301076,1909f56bfc062723c751e8b465ee728b) [PhysX] Initialized MultithreadedTaskDispatcher with 20 workers.
[PhysX] Initialized MultithreadedTaskDispatcher with 20 workers.
[PhysX] Initialized MultithreadedTaskDispatcher with 20 workers.
[PhysX] Initialized MultithreadedTaskDispatcher with 20 workers.
 -> (artifact id: '78ba62c1e64672a42d21cf5dc470f2bd') in 0.036802 seconds
Number of updated asset objects reloaded before import = 0
Number of asset objects unloaded after import = 148
========================================================================
Received Import Request.
  Time since last request: 0.000026 seconds.
  path: Assets/Third Parts/CLazyRunnerActionAnimPack/Animations/P2_CLazyEscape/Esc_8way_BoostDash_Air/CLazy@Esc_BoostDash_Air_Front_R45_Root.FBX
  artifactKey: Guid(52b4c72e4b2527e4e8975dbfcb03c2c5) Importer(815301076,1909f56bfc062723c751e8b465ee728b)
Start importing Assets/Third Parts/CLazyRunnerActionAnimPack/Animations/P2_CLazyEscape/Esc_8way_BoostDash_Air/CLazy@Esc_BoostDash_Air_Front_R45_Root.FBX using Guid(52b4c72e4b2527e4e8975dbfcb03c2c5) Importer(815301076,1909f56bfc062723c751e8b465ee728b) [PhysX] Initialized MultithreadedTaskDispatcher with 20 workers.
[PhysX] Initialized MultithreadedTaskDispatcher with 20 workers.
[PhysX] Initialized MultithreadedTaskDispatcher with 20 workers.
[PhysX] Initialized MultithreadedTaskDispatcher with 20 workers.
 -> (artifact id: '02e15ae201479686fa7885405efd9a01') in 0.036445 seconds
Number of updated asset objects reloaded before import = 0
Number of asset objects unloaded after import = 148
========================================================================
Received Import Request.
  Time since last request: 0.000027 seconds.
  path: Assets/Third Parts/CLazyRunnerActionAnimPack/Animations/P2_CLazyEscape/Esc_8way_BoostDash_Air/CLazy@Esc_BoostDash_Air_Front_R45.FBX
  artifactKey: Guid(ddfc0608ecc4e0b4ba418c74647cce1d) Importer(815301076,1909f56bfc062723c751e8b465ee728b)
Start importing Assets/Third Parts/CLazyRunnerActionAnimPack/Animations/P2_CLazyEscape/Esc_8way_BoostDash_Air/CLazy@Esc_BoostDash_Air_Front_R45.FBX using Guid(ddfc0608ecc4e0b4ba418c74647cce1d) Importer(815301076,1909f56bfc062723c751e8b465ee728b) [PhysX] Initialized MultithreadedTaskDispatcher with 20 workers.
[PhysX] Initialized MultithreadedTaskDispatcher with 20 workers.
[PhysX] Initialized MultithreadedTaskDispatcher with 20 workers.
[PhysX] Initialized MultithreadedTaskDispatcher with 20 workers.
 -> (artifact id: '7cbcbd4a974d54751aa74468e7e94a8f') in 0.030636 seconds
Number of updated asset objects reloaded before import = 0
Number of asset objects unloaded after import = 148
========================================================================
Received Import Request.
  Time since last request: 0.000022 seconds.
  path: Assets/Third Parts/CLazyRunnerActionAnimPack/Animations/P2_CLazyEscape/Esc_8way_BoostDash/CLazy@Esc_BoostDash_Back_R45.FBX
  artifactKey: Guid(16faa22f06c8f2e4db5005afd39f7021) Importer(815301076,1909f56bfc062723c751e8b465ee728b)
Start importing Assets/Third Parts/CLazyRunnerActionAnimPack/Animations/P2_CLazyEscape/Esc_8way_BoostDash/CLazy@Esc_BoostDash_Back_R45.FBX using Guid(16faa22f06c8f2e4db5005afd39f7021) Importer(815301076,1909f56bfc062723c751e8b465ee728b) [PhysX] Initialized MultithreadedTaskDispatcher with 20 workers.
[PhysX] Initialized MultithreadedTaskDispatcher with 20 workers.
[PhysX] Initialized MultithreadedTaskDispatcher with 20 workers.
[PhysX] Initialized MultithreadedTaskDispatcher with 20 workers.
 -> (artifact id: 'f5511973264f4e440689a893b2f927f8') in 0.028990 seconds
Number of updated asset objects reloaded before import = 0
Number of asset objects unloaded after import = 148
Editor requested this worker to shutdown with reason: Scaling down because of idle timeout
TcpMessagingSession - receive error: operation aborted. errorcode: 995, details: 由于线程退出或应用程序请求，已中止 I/O 操作。
AssetImportWorker is now disconnected from the server
Process exiting
Exiting without the bug reporter. Application will terminate with return code 0