Using pre-set license
Built from '2022.3/china_unity/release' branch; Version is '2022.3.50f1c1 (11690e56caf9) revision 1141006'; Using compiler version '192829333'; Build Type 'Release'
OS: 'Windows 11  (10.0.26100) 64bit CoreCountrySpecific' Language: 'zh' Physical Memory: 16010 MB
BatchMode: 1, IsHumanControllingUs: 0, StartBugReporterOnCrash: 0, Is64bit: 1, IsPro: 1

COMMAND LINE ARGUMENTS:
E:\Unity\Editor\2022.3.50f1c1\Editor\Unity.exe
-adb2
-batchMode
-noUpm
-name
AssetImportWorker7
-projectPath
E:/Unity/Project/JustTest
-logFile
Logs/AssetImportWorker7.log
-srvPort
51950
Successfully changed project path to: E:/Unity/Project/JustTest
E:/Unity/Project/JustTest
[UnityMemory] Configuration Parameters - Can be set up in boot.config
    "memorysetup-bucket-allocator-granularity=16"
    "memorysetup-bucket-allocator-bucket-count=8"
    "memorysetup-bucket-allocator-block-size=33554432"
    "memorysetup-bucket-allocator-block-count=8"
    "memorysetup-main-allocator-block-size=16777216"
    "memorysetup-thread-allocator-block-size=16777216"
    "memorysetup-gfx-main-allocator-block-size=16777216"
    "memorysetup-gfx-thread-allocator-block-size=16777216"
    "memorysetup-cache-allocator-block-size=4194304"
    "memorysetup-typetree-allocator-block-size=2097152"
    "memorysetup-profiler-bucket-allocator-granularity=16"
    "memorysetup-profiler-bucket-allocator-bucket-count=8"
    "memorysetup-profiler-bucket-allocator-block-size=33554432"
    "memorysetup-profiler-bucket-allocator-block-count=8"
    "memorysetup-profiler-allocator-block-size=16777216"
    "memorysetup-profiler-editor-allocator-block-size=1048576"
    "memorysetup-temp-allocator-size-main=16777216"
    "memorysetup-job-temp-allocator-block-size=2097152"
    "memorysetup-job-temp-allocator-block-size-background=1048576"
    "memorysetup-job-temp-allocator-reduction-small-platforms=262144"
    "memorysetup-allocator-temp-initial-block-size-main=262144"
    "memorysetup-allocator-temp-initial-block-size-worker=262144"
    "memorysetup-temp-allocator-size-background-worker=32768"
    "memorysetup-temp-allocator-size-job-worker=262144"
    "memorysetup-temp-allocator-size-preload-manager=33554432"
    "memorysetup-temp-allocator-size-nav-mesh-worker=65536"
    "memorysetup-temp-allocator-size-audio-worker=65536"
    "memorysetup-temp-allocator-size-cloud-worker=32768"
    "memorysetup-temp-allocator-size-gi-baking-worker=262144"
    "memorysetup-temp-allocator-size-gfx=262144"
Player connection [7036]  Target information:

Player connection [7036]  * "[IP] 26.192.160.31 [Port] 0 [Flags] 2 [Guid] 1423738349 [EditorId] 1423738349 [Version] 1048832 [Id] WindowsEditor(7,qjklw) [Debug] 1 [PackageName] WindowsEditor [ProjectName] Editor" 

Player connection [7036]  * "[IP] 192.168.6.1 [Port] 0 [Flags] 2 [Guid] 1423738349 [EditorId] 1423738349 [Version] 1048832 [Id] WindowsEditor(7,qjklw) [Debug] 1 [PackageName] WindowsEditor [ProjectName] Editor" 

Player connection [7036]  * "[IP] 192.168.246.1 [Port] 0 [Flags] 2 [Guid] 1423738349 [EditorId] 1423738349 [Version] 1048832 [Id] WindowsEditor(7,qjklw) [Debug] 1 [PackageName] WindowsEditor [ProjectName] Editor" 

Player connection [7036]  * "[IP] 192.168.1.32 [Port] 0 [Flags] 2 [Guid] 1423738349 [EditorId] 1423738349 [Version] 1048832 [Id] WindowsEditor(7,qjklw) [Debug] 1 [PackageName] WindowsEditor [ProjectName] Editor" 

Player connection [7036] Host joined multi-casting on [225.0.0.222:54997]...
Player connection [7036] Host joined alternative multi-casting on [225.0.0.222:34997]...
[PhysX] Initialized MultithreadedTaskDispatcher with 20 workers.
Refreshing native plugins compatible for Editor in 12.21 ms, found 3 plugins.
Preloading 0 native plugins for Editor in 0.00 ms.
Initialize engine version: 2022.3.50f1c1 (11690e56caf9)
[Subsystems] Discovering subsystems at path E:/Unity/Editor/2022.3.50f1c1/Editor/Data/Resources/UnitySubsystems
[Subsystems] Discovering subsystems at path E:/Unity/Project/JustTest/Assets
GfxDevice: creating device client; threaded=0; jobified=0
Direct3D:
    Version:  Direct3D 11.0 [level 11.1]
    Renderer: NVIDIA GeForce RTX 4060 Laptop GPU (ID=0x28e0)
    Vendor:   NVIDIA
    VRAM:     7957 MB
    Driver:   32.0.15.6607
Initialize mono
Mono path[0] = 'E:/Unity/Editor/2022.3.50f1c1/Editor/Data/Managed'
Mono path[1] = 'E:/Unity/Editor/2022.3.50f1c1/Editor/Data/MonoBleedingEdge/lib/mono/unityjit-win32'
Mono config path = 'E:/Unity/Editor/2022.3.50f1c1/Editor/Data/MonoBleedingEdge/etc'
Using monoOptions --debugger-agent=transport=dt_socket,embedding=1,server=y,suspend=n,address=127.0.0.1:56308
Begin MonoManager ReloadAssembly
Registering precompiled unity dll's ...
Register platform support module: E:/Unity/Editor/2022.3.50f1c1/Editor/Data/PlaybackEngines/WebGLSupport/UnityEditor.WebGL.Extensions.dll
Register platform support module: E:/Unity/Editor/2022.3.50f1c1/Editor/Data/PlaybackEngines/WindowsStandaloneSupport/UnityEditor.WindowsStandalone.Extensions.dll
Registered in 0.011682 seconds.
- Loaded All Assemblies, in  0.259 seconds
Native extension for WindowsStandalone target not found
Native extension for WebGL target not found
Mono: successfully reloaded assembly
- Finished resetting the current domain, in  0.223 seconds
Domain Reload Profiling: 481ms
	BeginReloadAssembly (70ms)
		ExecutionOrderSort (0ms)
		DisableScriptedObjects (0ms)
		BackupInstance (0ms)
		ReleaseScriptingObjects (0ms)
		CreateAndSetChildDomain (1ms)
	RebuildCommonClasses (27ms)
	RebuildNativeTypeToScriptingClass (6ms)
	initialDomainReloadingComplete (48ms)
	LoadAllAssembliesAndSetupDomain (106ms)
		LoadAssemblies (69ms)
		RebuildTransferFunctionScriptingTraits (0ms)
		AnalyzeDomain (104ms)
			TypeCache.Refresh (103ms)
				TypeCache.ScanAssembly (94ms)
			ScanForSourceGeneratedMonoScriptInfo (0ms)
			ResolveRequiredComponents (0ms)
	FinalizeReload (223ms)
		ReleaseScriptCaches (0ms)
		RebuildScriptCaches (0ms)
		SetupLoadedEditorAssemblies (190ms)
			LogAssemblyErrors (0ms)
			InitializePlatformSupportModulesInManaged (6ms)
			SetLoadedEditorAssemblies (4ms)
			RefreshPlugins (0ms)
			BeforeProcessingInitializeOnLoad (1ms)
			ProcessInitializeOnLoadAttributes (132ms)
			ProcessInitializeOnLoadMethodAttributes (47ms)
			AfterProcessingInitializeOnLoad (0ms)
			EditorAssembliesLoaded (0ms)
		ExecutionOrderSort2 (0ms)
		AwakeInstancesAfterBackupRestoration (0ms)
========================================================================
Worker process is ready to serve import requests
Caller must complete domain reload
Begin MonoManager ReloadAssembly
- Loaded All Assemblies, in  0.527 seconds
Native extension for WindowsStandalone target not found
Native extension for WebGL target not found
Mono: successfully reloaded assembly
- Finished resetting the current domain, in  0.853 seconds
Domain Reload Profiling: 1378ms
	BeginReloadAssembly (99ms)
		ExecutionOrderSort (0ms)
		DisableScriptedObjects (4ms)
		BackupInstance (0ms)
		ReleaseScriptingObjects (0ms)
		CreateAndSetChildDomain (15ms)
	RebuildCommonClasses (22ms)
	RebuildNativeTypeToScriptingClass (6ms)
	initialDomainReloadingComplete (28ms)
	LoadAllAssembliesAndSetupDomain (370ms)
		LoadAssemblies (263ms)
		RebuildTransferFunctionScriptingTraits (0ms)
		AnalyzeDomain (163ms)
			TypeCache.Refresh (132ms)
				TypeCache.ScanAssembly (120ms)
			ScanForSourceGeneratedMonoScriptInfo (21ms)
			ResolveRequiredComponents (8ms)
	FinalizeReload (853ms)
		ReleaseScriptCaches (0ms)
		RebuildScriptCaches (0ms)
		SetupLoadedEditorAssemblies (734ms)
			LogAssemblyErrors (0ms)
			InitializePlatformSupportModulesInManaged (5ms)
			SetLoadedEditorAssemblies (4ms)
			RefreshPlugins (0ms)
			BeforeProcessingInitializeOnLoad (98ms)
			ProcessInitializeOnLoadAttributes (537ms)
			ProcessInitializeOnLoadMethodAttributes (85ms)
			AfterProcessingInitializeOnLoad (4ms)
			EditorAssembliesLoaded (1ms)
		ExecutionOrderSort2 (0ms)
		AwakeInstancesAfterBackupRestoration (4ms)
Launched and connected shader compiler UnityShaderCompiler.exe after 0.05 seconds
Refreshing native plugins compatible for Editor in 3.50 ms, found 3 plugins.
Preloading 0 native plugins for Editor in 0.00 ms.
Unloading 6365 Unused Serialized files (Serialized files now loaded: 0)
Unloading 46 unused Assets / (477.5 KB). Loaded Objects now: 6827.
Memory consumption went from 286.3 MB to 285.8 MB.
Total: 3.681600 ms (FindLiveObjects: 0.335100 ms CreateObjectMapping: 0.293700 ms MarkObjects: 2.885200 ms  DeleteObjects: 0.166400 ms)

AssetImportParameters requested are different than current active one (requested -> active):
  custom:container-demuxer-ogg: 62fdf1f143b41e24485cea50d1cbac27 -> 
  custom:framework-win-MediaFoundation: 216162199b28c13a410421893ffa2e32 -> 
  custom:scripting/monoscript/fileName/BehaviourTreeEx.cs: 59b32cb9024f1d889c46d6d7ff976da4 -> 85986cba6d7ee9b8306dead9773f1b67
  custom:container-muxer-webm: aa71ff27fc2769a1b78a27578f13a17b -> 
  custom:video-decoder-webm-vp8: 9c59270c3fd7afecdb556c50c9e8de78 -> 
  custom:SearchIndexIgnoredProperties: e643bd26f0fe6173181afceb89e7c659 -> 
  custom:AudioImporter_EditorPlatform: d09bf68614088b80899f8185d706f6e7 -> 
  custom:audio-decoder-ogg-vorbis: bf7c407c2cedff20999df2af8eb42d56 -> 
  custom:audio-encoder-webm-vorbis: bf7c407c2cedff20999df2af8eb42d56 -> 
  custom:video-codec-MediaFoundation-h265: 746d11721c4dcdbdad8f713fa42b33f4 -> 
  custom:video-decoder-ogg-theora: a1e56fd34408186e4bbccfd4996cb3dc -> 
  custom:CustomObjectIndexerAttribute: 72b91833f83ae208fae7752999fa3104 -> 
  custom:container-demuxer-webm: 4f35f7cbe854078d1ac9338744f61a02 -> 
  custom:video-encoder-webm-vp8: eb34c28f22e8b96e1ab97ce403110664 -> 
========================================================================
Received Import Request.
  Time since last request: 48521.962254 seconds.
  path: Assets/Third Parts/Lucy/Animation/Dodge/Root/Lucy_Dodge_L_Root.FBX
  artifactKey: Guid(fdbc857bbd9f46b488c69b1e185e0b47) Importer(815301076,1909f56bfc062723c751e8b465ee728b)
Start importing Assets/Third Parts/Lucy/Animation/Dodge/Root/Lucy_Dodge_L_Root.FBX using Guid(fdbc857bbd9f46b488c69b1e185e0b47) Importer(815301076,1909f56bfc062723c751e8b465ee728b) [PhysX] Initialized MultithreadedTaskDispatcher with 20 workers.
 -> (artifact id: 'e9f48778042e6e2268cc262272406a42') in 0.038373 seconds
Number of updated asset objects reloaded before import = 0
Number of asset objects unloaded after import = 251
========================================================================
Received Import Request.
  Time since last request: 0.369399 seconds.
  path: Assets/Animation/AnimationClip/Lucy/Animation/Execution/Inplace/Lucy_Executed13_Inplace.FBX
  artifactKey: Guid(8ad7c15497f57ce419bc267aae92ef32) Importer(815301076,1909f56bfc062723c751e8b465ee728b)
Start importing Assets/Animation/AnimationClip/Lucy/Animation/Execution/Inplace/Lucy_Executed13_Inplace.FBX using Guid(8ad7c15497f57ce419bc267aae92ef32) Importer(815301076,1909f56bfc062723c751e8b465ee728b) [PhysX] Initialized MultithreadedTaskDispatcher with 20 workers.
 -> (artifact id: 'f708a103b74f20a0e8ad93346ed64da1') in 0.011900 seconds
Number of updated asset objects reloaded before import = 0
Number of asset objects unloaded after import = 251
========================================================================
Received Import Request.
  Time since last request: 56.776664 seconds.
  path: Assets/Third Parts/CLazyRunnerActionAnimPack/Animations/P4_CLazyAttack/Attack_Wp_Swing_Run/CLazy@WpAttack_Hand_PwR_Root.FBX
  artifactKey: Guid(4e9e8f4a6e6fa794fae935e2412d77ef) Importer(815301076,1909f56bfc062723c751e8b465ee728b)
Start importing Assets/Third Parts/CLazyRunnerActionAnimPack/Animations/P4_CLazyAttack/Attack_Wp_Swing_Run/CLazy@WpAttack_Hand_PwR_Root.FBX using Guid(4e9e8f4a6e6fa794fae935e2412d77ef) Importer(815301076,1909f56bfc062723c751e8b465ee728b) [PhysX] Initialized MultithreadedTaskDispatcher with 20 workers.
[PhysX] Initialized MultithreadedTaskDispatcher with 20 workers.
[PhysX] Initialized MultithreadedTaskDispatcher with 20 workers.
[PhysX] Initialized MultithreadedTaskDispatcher with 20 workers.
 -> (artifact id: 'da4478fe0021fedcffdfe0a1a6860226') in 0.248485 seconds
Number of updated asset objects reloaded before import = 0
Number of asset objects unloaded after import = 166
========================================================================
Received Import Request.
  Time since last request: 0.007302 seconds.
  path: Assets/Third Parts/CLazyRunnerActionAnimPack/Animations/P6_CLazyWallRun/WallRun_Vertical/CLazy@Wall_Vertical_Dash_Loop.FBX
  artifactKey: Guid(6672aa995399a80488527140fbbd1edf) Importer(815301076,1909f56bfc062723c751e8b465ee728b)
Start importing Assets/Third Parts/CLazyRunnerActionAnimPack/Animations/P6_CLazyWallRun/WallRun_Vertical/CLazy@Wall_Vertical_Dash_Loop.FBX using Guid(6672aa995399a80488527140fbbd1edf) Importer(815301076,1909f56bfc062723c751e8b465ee728b) [PhysX] Initialized MultithreadedTaskDispatcher with 20 workers.
[PhysX] Initialized MultithreadedTaskDispatcher with 20 workers.
[PhysX] Initialized MultithreadedTaskDispatcher with 20 workers.
[PhysX] Initialized MultithreadedTaskDispatcher with 20 workers.
 -> (artifact id: '198337e15dc063830384904632330541') in 0.029147 seconds
Number of updated asset objects reloaded before import = 0
Number of asset objects unloaded after import = 148
========================================================================
Received Import Request.
  Time since last request: 0.000027 seconds.
  path: Assets/Third Parts/CLazyRunnerActionAnimPack/Animations/P6_CLazyWallRun/WallRun_Vertical/CLazy@Wall_Vertical_Enter.FBX
  artifactKey: Guid(94f7e2a3f4b26b44b9fe89c4032e5164) Importer(815301076,1909f56bfc062723c751e8b465ee728b)
Start importing Assets/Third Parts/CLazyRunnerActionAnimPack/Animations/P6_CLazyWallRun/WallRun_Vertical/CLazy@Wall_Vertical_Enter.FBX using Guid(94f7e2a3f4b26b44b9fe89c4032e5164) Importer(815301076,1909f56bfc062723c751e8b465ee728b) [PhysX] Initialized MultithreadedTaskDispatcher with 20 workers.
[PhysX] Initialized MultithreadedTaskDispatcher with 20 workers.
[PhysX] Initialized MultithreadedTaskDispatcher with 20 workers.
[PhysX] Initialized MultithreadedTaskDispatcher with 20 workers.
 -> (artifact id: '373e6603bcdb09fe6e362bbfe276a058') in 0.025956 seconds
Number of updated asset objects reloaded before import = 0
Number of asset objects unloaded after import = 148
========================================================================
Received Import Request.
  Time since last request: 0.012615 seconds.
  path: Assets/Third Parts/CLazyRunnerActionAnimPack/Animations/P6_CLazyWallRun/WallRun_Hold/CLazy@Wall_LLand.FBX
  artifactKey: Guid(44a2c1e7bb8fa8943a63f52ae6983bf2) Importer(815301076,1909f56bfc062723c751e8b465ee728b)
Start importing Assets/Third Parts/CLazyRunnerActionAnimPack/Animations/P6_CLazyWallRun/WallRun_Hold/CLazy@Wall_LLand.FBX using Guid(44a2c1e7bb8fa8943a63f52ae6983bf2) Importer(815301076,1909f56bfc062723c751e8b465ee728b) [PhysX] Initialized MultithreadedTaskDispatcher with 20 workers.
[PhysX] Initialized MultithreadedTaskDispatcher with 20 workers.
[PhysX] Initialized MultithreadedTaskDispatcher with 20 workers.
[PhysX] Initialized MultithreadedTaskDispatcher with 20 workers.
 -> (artifact id: 'aba9207e4596d6893f024949ba1a8eda') in 0.026046 seconds
Number of updated asset objects reloaded before import = 0
Number of asset objects unloaded after import = 148
========================================================================
Received Import Request.
  Time since last request: 0.000021 seconds.
  path: Assets/Third Parts/CLazyRunnerActionAnimPack/Animations/P6_CLazyWallRun/WallRun_Hold/CLazy@Wall_RHold.FBX
  artifactKey: Guid(baedf6c30be7adc44b03e3b21e37ab7d) Importer(815301076,1909f56bfc062723c751e8b465ee728b)
Start importing Assets/Third Parts/CLazyRunnerActionAnimPack/Animations/P6_CLazyWallRun/WallRun_Hold/CLazy@Wall_RHold.FBX using Guid(baedf6c30be7adc44b03e3b21e37ab7d) Importer(815301076,1909f56bfc062723c751e8b465ee728b) [PhysX] Initialized MultithreadedTaskDispatcher with 20 workers.
[PhysX] Initialized MultithreadedTaskDispatcher with 20 workers.
[PhysX] Initialized MultithreadedTaskDispatcher with 20 workers.
[PhysX] Initialized MultithreadedTaskDispatcher with 20 workers.
 -> (artifact id: '04b343f66cb081821bf2861e8c288e4d') in 0.026417 seconds
Number of updated asset objects reloaded before import = 0
Number of asset objects unloaded after import = 148
========================================================================
Received Import Request.
  Time since last request: 0.000020 seconds.
  path: Assets/Third Parts/CLazyRunnerActionAnimPack/Animations/P6_CLazyWallRun/WallRun_Hold/CLazy@Wall_RHold_Stop_Root.FBX
  artifactKey: Guid(085ff290cdb25474f9b569e1a67cd81c) Importer(815301076,1909f56bfc062723c751e8b465ee728b)
Start importing Assets/Third Parts/CLazyRunnerActionAnimPack/Animations/P6_CLazyWallRun/WallRun_Hold/CLazy@Wall_RHold_Stop_Root.FBX using Guid(085ff290cdb25474f9b569e1a67cd81c) Importer(815301076,1909f56bfc062723c751e8b465ee728b) [PhysX] Initialized MultithreadedTaskDispatcher with 20 workers.
[PhysX] Initialized MultithreadedTaskDispatcher with 20 workers.
[PhysX] Initialized MultithreadedTaskDispatcher with 20 workers.
[PhysX] Initialized MultithreadedTaskDispatcher with 20 workers.
 -> (artifact id: 'ae9a1ae3deb2080d858e66f6a939d434') in 0.030565 seconds
Number of updated asset objects reloaded before import = 0
Number of asset objects unloaded after import = 148
========================================================================
Received Import Request.
  Time since last request: 0.000032 seconds.
  path: Assets/Third Parts/CLazyRunnerActionAnimPack/Animations/P6_CLazyWallRun/WallRun_Hold/CLazy@Wall_RLand.FBX
  artifactKey: Guid(47626cb7a0f534849a8e56822588bba0) Importer(815301076,1909f56bfc062723c751e8b465ee728b)
Start importing Assets/Third Parts/CLazyRunnerActionAnimPack/Animations/P6_CLazyWallRun/WallRun_Hold/CLazy@Wall_RLand.FBX using Guid(47626cb7a0f534849a8e56822588bba0) Importer(815301076,1909f56bfc062723c751e8b465ee728b) [PhysX] Initialized MultithreadedTaskDispatcher with 20 workers.
[PhysX] Initialized MultithreadedTaskDispatcher with 20 workers.
[PhysX] Initialized MultithreadedTaskDispatcher with 20 workers.
[PhysX] Initialized MultithreadedTaskDispatcher with 20 workers.
 -> (artifact id: '376e1c3aae6b353b5bd25a05ca1e7857') in 0.031533 seconds
Number of updated asset objects reloaded before import = 0
Number of asset objects unloaded after import = 148
========================================================================
Received Import Request.
  Time since last request: 0.068531 seconds.
  path: Assets/Third Parts/CLazyRunnerActionAnimPack/Animations/P6_CLazyWallRun/WallJump_Cross/CLazy@Wall_Jump_Turn_All_R_Root.FBX
  artifactKey: Guid(aaed33ad80193bb4ba44cd77653b3d74) Importer(815301076,1909f56bfc062723c751e8b465ee728b)
Start importing Assets/Third Parts/CLazyRunnerActionAnimPack/Animations/P6_CLazyWallRun/WallJump_Cross/CLazy@Wall_Jump_Turn_All_R_Root.FBX using Guid(aaed33ad80193bb4ba44cd77653b3d74) Importer(815301076,1909f56bfc062723c751e8b465ee728b) [PhysX] Initialized MultithreadedTaskDispatcher with 20 workers.
[PhysX] Initialized MultithreadedTaskDispatcher with 20 workers.
[PhysX] Initialized MultithreadedTaskDispatcher with 20 workers.
[PhysX] Initialized MultithreadedTaskDispatcher with 20 workers.
 -> (artifact id: 'e0c6d85155ad486c888a98b98fdaae02') in 0.024454 seconds
Number of updated asset objects reloaded before import = 0
Number of asset objects unloaded after import = 148
========================================================================
Received Import Request.
  Time since last request: 0.000022 seconds.
  path: Assets/Third Parts/CLazyRunnerActionAnimPack/Animations/P6_CLazyWallRun/WallJump_Cross/CLazy@Wall_Jump_Turn_All_R_Up.FBX
  artifactKey: Guid(9684bcc5c53ab0a41bbb0ebd046a1c2b) Importer(815301076,1909f56bfc062723c751e8b465ee728b)
Start importing Assets/Third Parts/CLazyRunnerActionAnimPack/Animations/P6_CLazyWallRun/WallJump_Cross/CLazy@Wall_Jump_Turn_All_R_Up.FBX using Guid(9684bcc5c53ab0a41bbb0ebd046a1c2b) Importer(815301076,1909f56bfc062723c751e8b465ee728b) [PhysX] Initialized MultithreadedTaskDispatcher with 20 workers.
[PhysX] Initialized MultithreadedTaskDispatcher with 20 workers.
[PhysX] Initialized MultithreadedTaskDispatcher with 20 workers.
[PhysX] Initialized MultithreadedTaskDispatcher with 20 workers.
 -> (artifact id: '448c3b5aa5ddaf1a5c161f645b2adca7') in 0.025769 seconds
Number of updated asset objects reloaded before import = 0
Number of asset objects unloaded after import = 148
========================================================================
Received Import Request.
  Time since last request: 0.000026 seconds.
  path: Assets/Third Parts/CLazyRunnerActionAnimPack/Animations/P6_CLazyWallRun/WallRun_Hold/CLazy@Wall_LFall_Root.FBX
  artifactKey: Guid(4ea1b70869de98f4282f6d73f5825530) Importer(815301076,1909f56bfc062723c751e8b465ee728b)
Start importing Assets/Third Parts/CLazyRunnerActionAnimPack/Animations/P6_CLazyWallRun/WallRun_Hold/CLazy@Wall_LFall_Root.FBX using Guid(4ea1b70869de98f4282f6d73f5825530) Importer(815301076,1909f56bfc062723c751e8b465ee728b) [PhysX] Initialized MultithreadedTaskDispatcher with 20 workers.
[PhysX] Initialized MultithreadedTaskDispatcher with 20 workers.
[PhysX] Initialized MultithreadedTaskDispatcher with 20 workers.
[PhysX] Initialized MultithreadedTaskDispatcher with 20 workers.
 -> (artifact id: 'bfc4bccfed7612c7bcd959d16d18db24') in 0.025694 seconds
Number of updated asset objects reloaded before import = 0
Number of asset objects unloaded after import = 148
========================================================================
Received Import Request.
  Time since last request: 0.000023 seconds.
  path: Assets/Third Parts/CLazyRunnerActionAnimPack/Animations/P6_CLazyWallRun/WallRun_Low_Dash/CLazy@Wall_LDash_Start.FBX
  artifactKey: Guid(651037a9c9046d946aa32f8fd7b98791) Importer(815301076,1909f56bfc062723c751e8b465ee728b)
Start importing Assets/Third Parts/CLazyRunnerActionAnimPack/Animations/P6_CLazyWallRun/WallRun_Low_Dash/CLazy@Wall_LDash_Start.FBX using Guid(651037a9c9046d946aa32f8fd7b98791) Importer(815301076,1909f56bfc062723c751e8b465ee728b) [PhysX] Initialized MultithreadedTaskDispatcher with 20 workers.
[PhysX] Initialized MultithreadedTaskDispatcher with 20 workers.
[PhysX] Initialized MultithreadedTaskDispatcher with 20 workers.
[PhysX] Initialized MultithreadedTaskDispatcher with 20 workers.
 -> (artifact id: 'dde736be4c153c93ee4714e1f2e298f3') in 0.029257 seconds
Number of updated asset objects reloaded before import = 0
Number of asset objects unloaded after import = 148
========================================================================
Received Import Request.
  Time since last request: 0.010774 seconds.
  path: Assets/Third Parts/CLazyRunnerActionAnimPack/Animations/P6_CLazyWallRun/WallJump_Cross/CLazy@Wall_Jump_Enter_R.FBX
  artifactKey: Guid(34945927e4798a7479ad240346c055d7) Importer(815301076,1909f56bfc062723c751e8b465ee728b)
Start importing Assets/Third Parts/CLazyRunnerActionAnimPack/Animations/P6_CLazyWallRun/WallJump_Cross/CLazy@Wall_Jump_Enter_R.FBX using Guid(34945927e4798a7479ad240346c055d7) Importer(815301076,1909f56bfc062723c751e8b465ee728b) [PhysX] Initialized MultithreadedTaskDispatcher with 20 workers.
[PhysX] Initialized MultithreadedTaskDispatcher with 20 workers.
[PhysX] Initialized MultithreadedTaskDispatcher with 20 workers.
[PhysX] Initialized MultithreadedTaskDispatcher with 20 workers.
 -> (artifact id: 'bbe1ad770abe3fd78759d09d9e3f985d') in 0.025920 seconds
Number of updated asset objects reloaded before import = 0
Number of asset objects unloaded after import = 148
========================================================================
Received Import Request.
  Time since last request: 0.000023 seconds.
  path: Assets/Third Parts/CLazyRunnerActionAnimPack/Animations/P6_CLazyWallRun/WallJump_Cross/CLazy@Wall_Jump_Hold_R.FBX
  artifactKey: Guid(adde34facf2f7ee4ebc7f7b0939e24b3) Importer(815301076,1909f56bfc062723c751e8b465ee728b)
Start importing Assets/Third Parts/CLazyRunnerActionAnimPack/Animations/P6_CLazyWallRun/WallJump_Cross/CLazy@Wall_Jump_Hold_R.FBX using Guid(adde34facf2f7ee4ebc7f7b0939e24b3) Importer(815301076,1909f56bfc062723c751e8b465ee728b) [PhysX] Initialized MultithreadedTaskDispatcher with 20 workers.
[PhysX] Initialized MultithreadedTaskDispatcher with 20 workers.
[PhysX] Initialized MultithreadedTaskDispatcher with 20 workers.
[PhysX] Initialized MultithreadedTaskDispatcher with 20 workers.
 -> (artifact id: '305d4c38f4dc72af7adeb84b8a5afd8c') in 0.024297 seconds
Number of updated asset objects reloaded before import = 0
Number of asset objects unloaded after import = 148
========================================================================
Received Import Request.
  Time since last request: 0.000020 seconds.
  path: Assets/Third Parts/CLazyRunnerActionAnimPack/Animations/P6_CLazyWallRun/WallJump_Cross/CLazy@Wall_Jump_Turn_All_L_Down_Root.FBX
  artifactKey: Guid(c23d77fdcd7c45f469e14e28cab83600) Importer(815301076,1909f56bfc062723c751e8b465ee728b)
Start importing Assets/Third Parts/CLazyRunnerActionAnimPack/Animations/P6_CLazyWallRun/WallJump_Cross/CLazy@Wall_Jump_Turn_All_L_Down_Root.FBX using Guid(c23d77fdcd7c45f469e14e28cab83600) Importer(815301076,1909f56bfc062723c751e8b465ee728b) [PhysX] Initialized MultithreadedTaskDispatcher with 20 workers.
[PhysX] Initialized MultithreadedTaskDispatcher with 20 workers.
[PhysX] Initialized MultithreadedTaskDispatcher with 20 workers.
[PhysX] Initialized MultithreadedTaskDispatcher with 20 workers.
 -> (artifact id: '6f3ec8ab278f9710980dd1403a73bb5d') in 0.025567 seconds
Number of updated asset objects reloaded before import = 0
Number of asset objects unloaded after import = 148
========================================================================
Received Import Request.
  Time since last request: 0.000023 seconds.
  path: Assets/Third Parts/CLazyRunnerActionAnimPack/Animations/P6_CLazyWallRun/WallJump_Cross/CLazy@Wall_Jump_Turn_Air_R.FBX
  artifactKey: Guid(b42b947988d874a4f9c2c04a914d4aba) Importer(815301076,1909f56bfc062723c751e8b465ee728b)
Start importing Assets/Third Parts/CLazyRunnerActionAnimPack/Animations/P6_CLazyWallRun/WallJump_Cross/CLazy@Wall_Jump_Turn_Air_R.FBX using Guid(b42b947988d874a4f9c2c04a914d4aba) Importer(815301076,1909f56bfc062723c751e8b465ee728b) [PhysX] Initialized MultithreadedTaskDispatcher with 20 workers.
[PhysX] Initialized MultithreadedTaskDispatcher with 20 workers.
[PhysX] Initialized MultithreadedTaskDispatcher with 20 workers.
[PhysX] Initialized MultithreadedTaskDispatcher with 20 workers.
 -> (artifact id: '54b443bb40abb197382e5db1e76738b3') in 0.031904 seconds
Number of updated asset objects reloaded before import = 0
Number of asset objects unloaded after import = 148
========================================================================
Received Import Request.
  Time since last request: 1.594247 seconds.
  path: Assets/Third Parts/Lucy/Animation/Dodge/Inplace/Lucy_Slide_R_Inplace.FBX
  artifactKey: Guid(414eaf5f8ba9b4b44bc752eb69bdb336) Importer(815301076,1909f56bfc062723c751e8b465ee728b)
Start importing Assets/Third Parts/Lucy/Animation/Dodge/Inplace/Lucy_Slide_R_Inplace.FBX using Guid(414eaf5f8ba9b4b44bc752eb69bdb336) Importer(815301076,1909f56bfc062723c751e8b465ee728b) [PhysX] Initialized MultithreadedTaskDispatcher with 20 workers.
 -> (artifact id: '76b5ede4540798cef554248514c30d12') in 0.013375 seconds
Number of updated asset objects reloaded before import = 0
Number of asset objects unloaded after import = 251
========================================================================
Received Import Request.
  Time since last request: 0.407710 seconds.
  path: Assets/Third Parts/Grruzam Powerful Sword Animation(Great Sword, Katana)/Animation/M_Katana_Blade/4_Damages/5__KnockDown/M_katana_Blade@KnockDown_Back_Loop.FBX
  artifactKey: Guid(7d61a587e11bbf34586f9c54c90a812b) Importer(815301076,1909f56bfc062723c751e8b465ee728b)
Start importing Assets/Third Parts/Grruzam Powerful Sword Animation(Great Sword, Katana)/Animation/M_Katana_Blade/4_Damages/5__KnockDown/M_katana_Blade@KnockDown_Back_Loop.FBX using Guid(7d61a587e11bbf34586f9c54c90a812b) Importer(815301076,1909f56bfc062723c751e8b465ee728b) [PhysX] Initialized MultithreadedTaskDispatcher with 20 workers.
 -> (artifact id: '878c2b36c433a36bcfd4fc520c3506f6') in 0.007814 seconds
Number of updated asset objects reloaded before import = 0
Number of asset objects unloaded after import = 141
========================================================================
Received Import Request.
  Time since last request: 0.084732 seconds.
  path: Assets/MagicaCloth2/Example (Can be deleted)/UnityChan/SD_Kohaku_chanz/Utc_sum_humanoid (Body).prefab
  artifactKey: Guid(f7b297d5cbbb2ae49a5b986f90674b9e) Importer(815301076,1909f56bfc062723c751e8b465ee728b)
Start importing Assets/MagicaCloth2/Example (Can be deleted)/UnityChan/SD_Kohaku_chanz/Utc_sum_humanoid (Body).prefab using Guid(f7b297d5cbbb2ae49a5b986f90674b9e) Importer(815301076,1909f56bfc062723c751e8b465ee728b) [PhysX] Initialized MultithreadedTaskDispatcher with 20 workers.
[PhysX] Initialized MultithreadedTaskDispatcher with 20 workers.
 -> (artifact id: '6a6457b4b61f1d9e0ddb1e3e441e69ce') in 0.039741 seconds
Number of updated asset objects reloaded before import = 0
Number of asset objects unloaded after import = 256
========================================================================
Received Import Request.
  Time since last request: 0.000023 seconds.
  path: Assets/MagicaCloth2/Example (Can be deleted)/UnityChan/SD_Kohaku_chanz/Utc_sum_humanoid (Hair).prefab
  artifactKey: Guid(0769e110b29a40b4fa617aadaa1e2ea6) Importer(815301076,1909f56bfc062723c751e8b465ee728b)
Start importing Assets/MagicaCloth2/Example (Can be deleted)/UnityChan/SD_Kohaku_chanz/Utc_sum_humanoid (Hair).prefab using Guid(0769e110b29a40b4fa617aadaa1e2ea6) Importer(815301076,1909f56bfc062723c751e8b465ee728b) [PhysX] Initialized MultithreadedTaskDispatcher with 20 workers.
[PhysX] Initialized MultithreadedTaskDispatcher with 20 workers.
 -> (artifact id: 'b892131669a0b26605d1020c37a88795') in 0.031842 seconds
Number of updated asset objects reloaded before import = 0
Number of asset objects unloaded after import = 263
Editor requested this worker to shutdown with reason: Scaling down because of idle timeout
TcpMessagingSession - receive error: operation aborted. errorcode: 995, details: 由于线程退出或应用程序请求，已中止 I/O 操作。
AssetImportWorker is now disconnected from the server
Process exiting
Exiting without the bug reporter. Application will terminate with return code 0